This is pdfTeX, Version 3.14159265-2.6-1.40.16 (TeX Live 2015/Debian) (preloaded format=pdflatex 2016.12.2)  9 AUG 2017 17:19
entering extended mode
 restricted \write18 enabled.
 %&-line parsing enabled.
**main.tex
(./main.tex
LaTeX2e <2016/02/01>
Babel <3.9q> and hyphenation patterns for 81 language(s) loaded.
(/usr/share/texlive/texmf-dist/tex/latex/base/article.cls
Document Class: article 2014/09/29 v1.4h Standard LaTeX document class
(/usr/share/texlive/texmf-dist/tex/latex/base/size12.clo
File: size12.clo 2014/09/29 v1.4h Standard LaTeX file (size option)
)
\c@part=\count79
\c@section=\count80
\c@subsection=\count81
\c@subsubsection=\count82
\c@paragraph=\count83
\c@subparagraph=\count84
\c@figure=\count85
\c@table=\count86
\abovecaptionskip=\skip41
\belowcaptionskip=\skip42
\bibindent=\dimen102
)
(/usr/share/texlive/texmf-dist/tex/latex/amsfonts/amsfonts.sty
Package: amsfonts 2013/01/14 v3.01 Basic AMSFonts support
\@emptytoks=\toks14
\symAMSa=\mathgroup4
\symAMSb=\mathgroup5
LaTeX Font Info:    Overwriting math alphabet `\mathfrak' in version `bold'
(Font)                  U/euf/m/n --> U/euf/b/n on input line 106.
)
(/usr/share/texlive/texmf-dist/tex/latex/base/inputenc.sty
Package: inputenc 2015/03/17 v1.2c Input encoding file
\inpenc@prehook=\toks15
\inpenc@posthook=\toks16

(/usr/share/texlive/texmf-dist/tex/latex/base/utf8.def
File: utf8.def 2015/12/03 v1.1r UTF-8 support for inputenc
Now handling font encoding OML ...
... no UTF-8 mapping file for font encoding OML
Now handling font encoding T1 ...
... processing UTF-8 mapping file for font encoding T1

(/usr/share/texlive/texmf-dist/tex/latex/base/t1enc.dfu
File: t1enc.dfu 2015/12/03 v1.1r UTF-8 support for inputenc
   defining Unicode char U+00A0 (decimal 160)
   defining Unicode char U+00A1 (decimal 161)
   defining Unicode char U+00A3 (decimal 163)
   defining Unicode char U+00AB (decimal 171)
   defining Unicode char U+00AD (decimal 173)
   defining Unicode char U+00BB (decimal 187)
   defining Unicode char U+00BF (decimal 191)
   defining Unicode char U+00C0 (decimal 192)
   defining Unicode char U+00C1 (decimal 193)
   defining Unicode char U+00C2 (decimal 194)
   defining Unicode char U+00C3 (decimal 195)
   defining Unicode char U+00C4 (decimal 196)
   defining Unicode char U+00C5 (decimal 197)
   defining Unicode char U+00C6 (decimal 198)
   defining Unicode char U+00C7 (decimal 199)
   defining Unicode char U+00C8 (decimal 200)
   defining Unicode char U+00C9 (decimal 201)
   defining Unicode char U+00CA (decimal 202)
   defining Unicode char U+00CB (decimal 203)
   defining Unicode char U+00CC (decimal 204)
   defining Unicode char U+00CD (decimal 205)
   defining Unicode char U+00CE (decimal 206)
   defining Unicode char U+00CF (decimal 207)
   defining Unicode char U+00D0 (decimal 208)
   defining Unicode char U+00D1 (decimal 209)
   defining Unicode char U+00D2 (decimal 210)
   defining Unicode char U+00D3 (decimal 211)
   defining Unicode char U+00D4 (decimal 212)
   defining Unicode char U+00D5 (decimal 213)
   defining Unicode char U+00D6 (decimal 214)
   defining Unicode char U+00D8 (decimal 216)
   defining Unicode char U+00D9 (decimal 217)
   defining Unicode char U+00DA (decimal 218)
   defining Unicode char U+00DB (decimal 219)
   defining Unicode char U+00DC (decimal 220)
   defining Unicode char U+00DD (decimal 221)
   defining Unicode char U+00DE (decimal 222)
   defining Unicode char U+00DF (decimal 223)
   defining Unicode char U+00E0 (decimal 224)
   defining Unicode char U+00E1 (decimal 225)
   defining Unicode char U+00E2 (decimal 226)
   defining Unicode char U+00E3 (decimal 227)
   defining Unicode char U+00E4 (decimal 228)
   defining Unicode char U+00E5 (decimal 229)
   defining Unicode char U+00E6 (decimal 230)
   defining Unicode char U+00E7 (decimal 231)
   defining Unicode char U+00E8 (decimal 232)
   defining Unicode char U+00E9 (decimal 233)
   defining Unicode char U+00EA (decimal 234)
   defining Unicode char U+00EB (decimal 235)
   defining Unicode char U+00EC (decimal 236)
   defining Unicode char U+00ED (decimal 237)
   defining Unicode char U+00EE (decimal 238)
   defining Unicode char U+00EF (decimal 239)
   defining Unicode char U+00F0 (decimal 240)
   defining Unicode char U+00F1 (decimal 241)
   defining Unicode char U+00F2 (decimal 242)
   defining Unicode char U+00F3 (decimal 243)
   defining Unicode char U+00F4 (decimal 244)
   defining Unicode char U+00F5 (decimal 245)
   defining Unicode char U+00F6 (decimal 246)
   defining Unicode char U+00F8 (decimal 248)
   defining Unicode char U+00F9 (decimal 249)
   defining Unicode char U+00FA (decimal 250)
   defining Unicode char U+00FB (decimal 251)
   defining Unicode char U+00FC (decimal 252)
   defining Unicode char U+00FD (decimal 253)
   defining Unicode char U+00FE (decimal 254)
   defining Unicode char U+00FF (decimal 255)
   defining Unicode char U+0100 (decimal 256)
   defining Unicode char U+0101 (decimal 257)
   defining Unicode char U+0102 (decimal 258)
   defining Unicode char U+0103 (decimal 259)
   defining Unicode char U+0104 (decimal 260)
   defining Unicode char U+0105 (decimal 261)
   defining Unicode char U+0106 (decimal 262)
   defining Unicode char U+0107 (decimal 263)
   defining Unicode char U+0108 (decimal 264)
   defining Unicode char U+0109 (decimal 265)
   defining Unicode char U+010A (decimal 266)
   defining Unicode char U+010B (decimal 267)
   defining Unicode char U+010C (decimal 268)
   defining Unicode char U+010D (decimal 269)
   defining Unicode char U+010E (decimal 270)
   defining Unicode char U+010F (decimal 271)
   defining Unicode char U+0110 (decimal 272)
   defining Unicode char U+0111 (decimal 273)
   defining Unicode char U+0112 (decimal 274)
   defining Unicode char U+0113 (decimal 275)
   defining Unicode char U+0114 (decimal 276)
   defining Unicode char U+0115 (decimal 277)
   defining Unicode char U+0116 (decimal 278)
   defining Unicode char U+0117 (decimal 279)
   defining Unicode char U+0118 (decimal 280)
   defining Unicode char U+0119 (decimal 281)
   defining Unicode char U+011A (decimal 282)
   defining Unicode char U+011B (decimal 283)
   defining Unicode char U+011C (decimal 284)
   defining Unicode char U+011D (decimal 285)
   defining Unicode char U+011E (decimal 286)
   defining Unicode char U+011F (decimal 287)
   defining Unicode char U+0120 (decimal 288)
   defining Unicode char U+0121 (decimal 289)
   defining Unicode char U+0122 (decimal 290)
   defining Unicode char U+0123 (decimal 291)
   defining Unicode char U+0124 (decimal 292)
   defining Unicode char U+0125 (decimal 293)
   defining Unicode char U+0128 (decimal 296)
   defining Unicode char U+0129 (decimal 297)
   defining Unicode char U+012A (decimal 298)
   defining Unicode char U+012B (decimal 299)
   defining Unicode char U+012C (decimal 300)
   defining Unicode char U+012D (decimal 301)
   defining Unicode char U+012E (decimal 302)
   defining Unicode char U+012F (decimal 303)
   defining Unicode char U+0130 (decimal 304)
   defining Unicode char U+0131 (decimal 305)
   defining Unicode char U+0132 (decimal 306)
   defining Unicode char U+0133 (decimal 307)
   defining Unicode char U+0134 (decimal 308)
   defining Unicode char U+0135 (decimal 309)
   defining Unicode char U+0136 (decimal 310)
   defining Unicode char U+0137 (decimal 311)
   defining Unicode char U+0139 (decimal 313)
   defining Unicode char U+013A (decimal 314)
   defining Unicode char U+013B (decimal 315)
   defining Unicode char U+013C (decimal 316)
   defining Unicode char U+013D (decimal 317)
   defining Unicode char U+013E (decimal 318)
   defining Unicode char U+0141 (decimal 321)
   defining Unicode char U+0142 (decimal 322)
   defining Unicode char U+0143 (decimal 323)
   defining Unicode char U+0144 (decimal 324)
   defining Unicode char U+0145 (decimal 325)
   defining Unicode char U+0146 (decimal 326)
   defining Unicode char U+0147 (decimal 327)
   defining Unicode char U+0148 (decimal 328)
   defining Unicode char U+014A (decimal 330)
   defining Unicode char U+014B (decimal 331)
   defining Unicode char U+014C (decimal 332)
   defining Unicode char U+014D (decimal 333)
   defining Unicode char U+014E (decimal 334)
   defining Unicode char U+014F (decimal 335)
   defining Unicode char U+0150 (decimal 336)
   defining Unicode char U+0151 (decimal 337)
   defining Unicode char U+0152 (decimal 338)
   defining Unicode char U+0153 (decimal 339)
   defining Unicode char U+0154 (decimal 340)
   defining Unicode char U+0155 (decimal 341)
   defining Unicode char U+0156 (decimal 342)
   defining Unicode char U+0157 (decimal 343)
   defining Unicode char U+0158 (decimal 344)
   defining Unicode char U+0159 (decimal 345)
   defining Unicode char U+015A (decimal 346)
   defining Unicode char U+015B (decimal 347)
   defining Unicode char U+015C (decimal 348)
   defining Unicode char U+015D (decimal 349)
   defining Unicode char U+015E (decimal 350)
   defining Unicode char U+015F (decimal 351)
   defining Unicode char U+0160 (decimal 352)
   defining Unicode char U+0161 (decimal 353)
   defining Unicode char U+0162 (decimal 354)
   defining Unicode char U+0163 (decimal 355)
   defining Unicode char U+0164 (decimal 356)
   defining Unicode char U+0165 (decimal 357)
   defining Unicode char U+0168 (decimal 360)
   defining Unicode char U+0169 (decimal 361)
   defining Unicode char U+016A (decimal 362)
   defining Unicode char U+016B (decimal 363)
   defining Unicode char U+016C (decimal 364)
   defining Unicode char U+016D (decimal 365)
   defining Unicode char U+016E (decimal 366)
   defining Unicode char U+016F (decimal 367)
   defining Unicode char U+0170 (decimal 368)
   defining Unicode char U+0171 (decimal 369)
   defining Unicode char U+0172 (decimal 370)
   defining Unicode char U+0173 (decimal 371)
   defining Unicode char U+0174 (decimal 372)
   defining Unicode char U+0175 (decimal 373)
   defining Unicode char U+0176 (decimal 374)
   defining Unicode char U+0177 (decimal 375)
   defining Unicode char U+0178 (decimal 376)
   defining Unicode char U+0179 (decimal 377)
   defining Unicode char U+017A (decimal 378)
   defining Unicode char U+017B (decimal 379)
   defining Unicode char U+017C (decimal 380)
   defining Unicode char U+017D (decimal 381)
   defining Unicode char U+017E (decimal 382)
   defining Unicode char U+01CD (decimal 461)
   defining Unicode char U+01CE (decimal 462)
   defining Unicode char U+01CF (decimal 463)
   defining Unicode char U+01D0 (decimal 464)
   defining Unicode char U+01D1 (decimal 465)
   defining Unicode char U+01D2 (decimal 466)
   defining Unicode char U+01D3 (decimal 467)
   defining Unicode char U+01D4 (decimal 468)
   defining Unicode char U+01E2 (decimal 482)
   defining Unicode char U+01E3 (decimal 483)
   defining Unicode char U+01E6 (decimal 486)
   defining Unicode char U+01E7 (decimal 487)
   defining Unicode char U+01E8 (decimal 488)
   defining Unicode char U+01E9 (decimal 489)
   defining Unicode char U+01EA (decimal 490)
   defining Unicode char U+01EB (decimal 491)
   defining Unicode char U+01F0 (decimal 496)
   defining Unicode char U+01F4 (decimal 500)
   defining Unicode char U+01F5 (decimal 501)
   defining Unicode char U+0218 (decimal 536)
   defining Unicode char U+0219 (decimal 537)
   defining Unicode char U+021A (decimal 538)
   defining Unicode char U+021B (decimal 539)
   defining Unicode char U+01E02 (decimal 7682)
   defining Unicode char U+01E03 (decimal 7683)
   defining Unicode char U+200C (decimal 8204)
   defining Unicode char U+2013 (decimal 8211)
   defining Unicode char U+2014 (decimal 8212)
   defining Unicode char U+2018 (decimal 8216)
   defining Unicode char U+2019 (decimal 8217)
   defining Unicode char U+201A (decimal 8218)
   defining Unicode char U+201C (decimal 8220)
   defining Unicode char U+201D (decimal 8221)
   defining Unicode char U+201E (decimal 8222)
   defining Unicode char U+2030 (decimal 8240)
   defining Unicode char U+2031 (decimal 8241)
   defining Unicode char U+2039 (decimal 8249)
   defining Unicode char U+203A (decimal 8250)
   defining Unicode char U+2423 (decimal 9251)
)
Now handling font encoding OT1 ...
... processing UTF-8 mapping file for font encoding OT1

(/usr/share/texlive/texmf-dist/tex/latex/base/ot1enc.dfu
File: ot1enc.dfu 2015/12/03 v1.1r UTF-8 support for inputenc
   defining Unicode char U+00A0 (decimal 160)
   defining Unicode char U+00A1 (decimal 161)
   defining Unicode char U+00A3 (decimal 163)
   defining Unicode char U+00AD (decimal 173)
   defining Unicode char U+00B8 (decimal 184)
   defining Unicode char U+00BF (decimal 191)
   defining Unicode char U+00C5 (decimal 197)
   defining Unicode char U+00C6 (decimal 198)
   defining Unicode char U+00D8 (decimal 216)
   defining Unicode char U+00DF (decimal 223)
   defining Unicode char U+00E6 (decimal 230)
   defining Unicode char U+00EC (decimal 236)
   defining Unicode char U+00ED (decimal 237)
   defining Unicode char U+00EE (decimal 238)
   defining Unicode char U+00EF (decimal 239)
   defining Unicode char U+00F8 (decimal 248)
   defining Unicode char U+0131 (decimal 305)
   defining Unicode char U+0141 (decimal 321)
   defining Unicode char U+0142 (decimal 322)
   defining Unicode char U+0152 (decimal 338)
   defining Unicode char U+0153 (decimal 339)
   defining Unicode char U+0174 (decimal 372)
   defining Unicode char U+0175 (decimal 373)
   defining Unicode char U+0176 (decimal 374)
   defining Unicode char U+0177 (decimal 375)
   defining Unicode char U+0218 (decimal 536)
   defining Unicode char U+0219 (decimal 537)
   defining Unicode char U+021A (decimal 538)
   defining Unicode char U+021B (decimal 539)
   defining Unicode char U+2013 (decimal 8211)
   defining Unicode char U+2014 (decimal 8212)
   defining Unicode char U+2018 (decimal 8216)
   defining Unicode char U+2019 (decimal 8217)
   defining Unicode char U+201C (decimal 8220)
   defining Unicode char U+201D (decimal 8221)
)
Now handling font encoding OMS ...
... processing UTF-8 mapping file for font encoding OMS

(/usr/share/texlive/texmf-dist/tex/latex/base/omsenc.dfu
File: omsenc.dfu 2015/12/03 v1.1r UTF-8 support for inputenc
   defining Unicode char U+00A7 (decimal 167)
   defining Unicode char U+00B6 (decimal 182)
   defining Unicode char U+00B7 (decimal 183)
   defining Unicode char U+2020 (decimal 8224)
   defining Unicode char U+2021 (decimal 8225)
   defining Unicode char U+2022 (decimal 8226)
)
Now handling font encoding OMX ...
... no UTF-8 mapping file for font encoding OMX
Now handling font encoding U ...
... no UTF-8 mapping file for font encoding U
   defining Unicode char U+00A9 (decimal 169)
   defining Unicode char U+00AA (decimal 170)
   defining Unicode char U+00AE (decimal 174)
   defining Unicode char U+00BA (decimal 186)
   defining Unicode char U+02C6 (decimal 710)
   defining Unicode char U+02DC (decimal 732)
   defining Unicode char U+200C (decimal 8204)
   defining Unicode char U+2026 (decimal 8230)
   defining Unicode char U+2122 (decimal 8482)
   defining Unicode char U+2423 (decimal 9251)
))
(/usr/share/texlive/texmf-dist/tex/latex/base/fontenc.sty
Package: fontenc 2005/09/27 v1.99g Standard LaTeX package

(/usr/share/texlive/texmf-dist/tex/latex/base/t1enc.def
File: t1enc.def 2005/09/27 v1.99g Standard LaTeX file
LaTeX Font Info:    Redeclaring font encoding T1 on input line 48.
))
(/usr/share/texlive/texmf-dist/tex/generic/babel/babel.sty
Package: babel 2016/02/24 3.9q The Babel package

(/usr/share/texlive/texmf-dist/tex/generic/babel-english/english.ldf
Language: english 2012/08/20 v3.3p English support from the babel system

(/usr/share/texlive/texmf-dist/tex/generic/babel/babel.def
File: babel.def 2016/02/24 3.9q Babel common definitions
\babel@savecnt=\count87
\U@D=\dimen103
)
\l@canadian = a dialect from \language\l@american 
\l@australian = a dialect from \language\l@british 
\l@newzealand = a dialect from \language\l@british 
))
(/usr/share/texlive/texmf-dist/tex/latex/caption/caption.sty
Package: caption 2016/02/21 v3.3-144 Customizing captions (AR)

(/usr/share/texlive/texmf-dist/tex/latex/caption/caption3.sty
Package: caption3 2016/02/04 v1.7-139 caption3 kernel (AR)
Package caption3 Info: TeX engine: e-TeX on input line 67.

(/usr/share/texlive/texmf-dist/tex/latex/graphics/keyval.sty
Package: keyval 2014/10/28 v1.15 key=value parser (DPC)
\KV@toks@=\toks17
)
\captionmargin=\dimen104
\captionmargin@=\dimen105
\captionwidth=\dimen106
\caption@tempdima=\dimen107
\caption@indent=\dimen108
\caption@parindent=\dimen109
\caption@hangindent=\dimen110
)
\c@ContinuedFloat=\count88
)
(/usr/share/texlive/texmf-dist/tex/latex/caption/subcaption.sty
Package: subcaption 2016/02/20 v1.1-142 Sub-captions (AR)
\c@subfigure=\count89
\c@subtable=\count90
)
(/usr/share/texlive/texmf-dist/tex/latex/graphics/lscape.sty
Package: lscape 2000/10/22 v3.01 Landscape Pages (DPC)

(/usr/share/texlive/texmf-dist/tex/latex/graphics/graphics.sty
Package: graphics 2016/01/03 v1.0q Standard LaTeX Graphics (DPC,SPQR)

(/usr/share/texlive/texmf-dist/tex/latex/graphics/trig.sty
Package: trig 2016/01/03 v1.10 sin cos tan (DPC)
)
(/usr/share/texlive/texmf-dist/tex/latex/latexconfig/graphics.cfg
File: graphics.cfg 2010/04/23 v1.9 graphics configuration of TeX Live
)
Package graphics Info: Driver file: pdftex.def on input line 95.

(/usr/share/texlive/texmf-dist/tex/latex/pdftex-def/pdftex.def
File: pdftex.def 2011/05/27 v0.06d Graphics/color for pdfTeX

(/usr/share/texlive/texmf-dist/tex/generic/oberdiek/infwarerr.sty
Package: infwarerr 2010/04/08 v1.3 Providing info/warning/error messages (HO)
)
(/usr/share/texlive/texmf-dist/tex/generic/oberdiek/ltxcmds.sty
Package: ltxcmds 2011/11/09 v1.22 LaTeX kernel commands for general use (HO)
)
\Gread@gobject=\count91
)))
(/usr/share/texlive/texmf-dist/tex/latex/glossaries/base/glossaries.sty
Package: glossaries 2016/01/24 v4.21 (NLCT)

(/usr/share/texlive/texmf-dist/tex/latex/base/ifthen.sty
Package: ifthen 2014/09/29 v1.1c Standard LaTeX ifthen package (DPC)
)
(/usr/share/texlive/texmf-dist/tex/latex/xkeyval/xkeyval.sty
Package: xkeyval 2014/12/03 v2.7a package option processing (HA)

(/usr/share/texlive/texmf-dist/tex/generic/xkeyval/xkeyval.tex
(/usr/share/texlive/texmf-dist/tex/generic/xkeyval/xkvutils.tex
\XKV@toks=\toks18
\XKV@tempa@toks=\toks19
)
\XKV@depth=\count92
File: xkeyval.tex 2014/12/03 v2.7a key=value parser (HA)
))
(/usr/share/texlive/texmf-dist/tex/latex/mfirstuc/mfirstuc.sty
Package: mfirstuc 2015/12/17 v2.02 (NLCT)

(/usr/share/texlive/texmf-dist/tex/latex/etoolbox/etoolbox.sty
Package: etoolbox 2015/08/02 v2.2a e-TeX tools for LaTeX (JAW)
\etb@tempcnta=\count93
)
\@glsmfirst=\toks20
\@glsmrest=\toks21
)
(/usr/share/texlive/texmf-dist/tex/latex/textcase/textcase.sty
Package: textcase 2004/10/07 v0.07 Text only upper/lower case changing (DPC)
)
(/usr/share/texlive/texmf-dist/tex/latex/xfor/xfor.sty
Package: xfor 2009/02/05 v1.05 (NLCT)
)
(/usr/share/texlive/texmf-dist/tex/latex/datatool/datatool-base.sty
Package: datatool-base 2016/01/18 v2.25 (NLCT)

(/usr/share/texlive/texmf-dist/tex/latex/amsmath/amsmath.sty
Package: amsmath 2016/03/03 v2.15a AMS math features
\@mathmargin=\skip43

For additional information on amsmath, use the `?' option.
(/usr/share/texlive/texmf-dist/tex/latex/amsmath/amstext.sty
Package: amstext 2000/06/29 v2.01 AMS text

(/usr/share/texlive/texmf-dist/tex/latex/amsmath/amsgen.sty
File: amsgen.sty 1999/11/30 v2.0 generic functions
\@emptytoks=\toks22
\ex@=\dimen111
))
(/usr/share/texlive/texmf-dist/tex/latex/amsmath/amsbsy.sty
Package: amsbsy 1999/11/29 v1.2d Bold Symbols
\pmbraise@=\dimen112
)
(/usr/share/texlive/texmf-dist/tex/latex/amsmath/amsopn.sty
Package: amsopn 1999/12/14 v2.01 operator names
)
\inf@bad=\count94
LaTeX Info: Redefining \frac on input line 199.
\uproot@=\count95
\leftroot@=\count96
LaTeX Info: Redefining \overline on input line 297.
\classnum@=\count97
\DOTSCASE@=\count98
LaTeX Info: Redefining \ldots on input line 394.
LaTeX Info: Redefining \dots on input line 397.
LaTeX Info: Redefining \cdots on input line 518.
\Mathstrutbox@=\box26
\strutbox@=\box27
\big@size=\dimen113
LaTeX Font Info:    Redeclaring font encoding OML on input line 630.
LaTeX Font Info:    Redeclaring font encoding OMS on input line 631.
\macc@depth=\count99
\c@MaxMatrixCols=\count100
\dotsspace@=\muskip10
\c@parentequation=\count101
\dspbrk@lvl=\count102
\tag@help=\toks23
\row@=\count103
\column@=\count104
\maxfields@=\count105
\andhelp@=\toks24
\eqnshift@=\dimen114
\alignsep@=\dimen115
\tagshift@=\dimen116
\tagwidth@=\dimen117
\totwidth@=\dimen118
\lineht@=\dimen119
\@envbody=\toks25
\multlinegap=\skip44
\multlinetaggap=\skip45
\mathdisplay@stack=\toks26
LaTeX Info: Redefining \[ on input line 2735.
LaTeX Info: Redefining \] on input line 2736.
)
(/usr/share/texlive/texmf-dist/tex/latex/substr/substr.sty
Package: substr 2009/10/20 v1.2 Handle substrings
\c@su@anzahl=\count106
)
(/usr/share/texlive/texmf-dist/tex/latex/datatool/datatool-fp.sty
Package: datatool-fp 2016/01/18 v2.25 (NLCT)

(/usr/share/texlive/texmf-dist/tex/latex/fp/fp.sty
Package: fp 1995/04/02

`Fixed Point Package', Version 0.8, April 2, 1995 (C) Michael Mehlich
(/usr/share/texlive/texmf-dist/tex/latex/fp/defpattern.sty
Package: defpattern 1994/10/12
\actioncount=\count107
)
(/usr/share/texlive/texmf-dist/tex/latex/fp/fp-basic.sty
Package: fp-basic 1996/05/13
\FP@xs=\count108
\FP@xia=\count109
\FP@xib=\count110
\FP@xfa=\count111
\FP@xfb=\count112
\FP@rega=\count113
\FP@regb=\count114
\FP@regs=\count115
\FP@times=\count116
)
(/usr/share/texlive/texmf-dist/tex/latex/fp/fp-addons.sty
Package: fp-addons 1995/03/15
)
(/usr/share/texlive/texmf-dist/tex/latex/fp/fp-snap.sty
Package: fp-snap 1995/04/05
)
(/usr/share/texlive/texmf-dist/tex/latex/fp/fp-exp.sty
Package: fp-exp 1995/04/03
)
(/usr/share/texlive/texmf-dist/tex/latex/fp/fp-trigo.sty
Package: fp-trigo 1995/04/14
)
(/usr/share/texlive/texmf-dist/tex/latex/fp/fp-pas.sty
Package: fp-pas 1994/08/29
)
(/usr/share/texlive/texmf-dist/tex/latex/fp/fp-random.sty
Package: fp-random 1995/02/23
\FPseed=\count117
)
(/usr/share/texlive/texmf-dist/tex/latex/fp/fp-eqn.sty
Package: fp-eqn 1995/04/03
)
(/usr/share/texlive/texmf-dist/tex/latex/fp/fp-upn.sty
Package: fp-upn 1996/10/21
)
(/usr/share/texlive/texmf-dist/tex/latex/fp/fp-eval.sty
Package: fp-eval 1995/04/03
)))
\@dtl@toks=\toks27
\@dtl@tmpcount=\count118
\dtl@tmplength=\skip46
\dtl@sortresult=\count119
\@dtl@numgrpsepcount=\count120
\@dtl@datatype=\count121
\dtl@codeA=\count122
\dtl@codeB=\count123
\@dtl@foreach@level=\count124
)
(/usr/share/texlive/texmf-dist/tex/latex/glossaries/base/glossaries-compatible-
307.sty
Package: glossaries-compatible-307 2016/01/24 v4.21 (NLCT)
) (/usr/share/texlive/texmf-dist/tex/latex/tracklang/tracklang.sty
Package: tracklang 2015/03/23 v1.2 (NLCT) Track Languages

(/usr/share/texlive/texmf-dist/tex/generic/tracklang/tracklang.tex))
(/usr/share/texlive/texmf-dist/tex/latex/beamer/translator/translator.sty
Package: translator 2010/06/12 ver 1.10

(/usr/share/texlive/texmf-dist/tex/latex/beamer/translator/translator-language-
mappings.tex))
(/usr/share/texlive/texmf-dist/tex/latex/glossaries-english/glossaries-english.
ldf
File: glossaries-english.ldf 2014/11/23 v1.0
)
\gls@level=\count125
\@gls@tmpb=\toks28
\gls@tmplen=\skip47
\glskeylisttok=\toks29
\glslabeltok=\toks30
\glsshorttok=\toks31
\glslongtok=\toks32

(/usr/share/texlive/texmf-dist/tex/latex/glossaries/styles/glossary-hypernav.st
y
Package: glossary-hypernav 2016/01/24 v4.21 (NLCT)
) (/usr/share/texlive/texmf-dist/tex/latex/glossaries/styles/glossary-list.sty
Package: glossary-list 2016/01/24 v4.21 (NLCT)
\glslistdottedwidth=\skip48
) (/usr/share/texlive/texmf-dist/tex/latex/glossaries/styles/glossary-long.sty
Package: glossary-long 2016/01/24 v4.21 (NLCT)

(/usr/share/texlive/texmf-dist/tex/latex/tools/longtable.sty
Package: longtable 2014/10/28 v4.11 Multi-page Table package (DPC)
\LTleft=\skip49
\LTright=\skip50
\LTpre=\skip51
\LTpost=\skip52
\LTchunksize=\count126
\LTcapwidth=\dimen120
\LT@head=\box28
\LT@firsthead=\box29
\LT@foot=\box30
\LT@lastfoot=\box31
\LT@cols=\count127
\LT@rows=\count128
\c@LT@tables=\count129
\c@LT@chunks=\count130
\LT@p@ftn=\toks33
)
\glsdescwidth=\skip53
\glspagelistwidth=\skip54
)
(/usr/share/texlive/texmf-dist/tex/latex/glossaries/styles/glossary-super.sty
Package: glossary-super 2016/01/24 v4.21 (NLCT)

(/usr/share/texlive/texmf-dist/tex/latex/supertabular/supertabular.sty
Package: supertabular 2004/02/20 v4.1e the supertabular environment
\c@tracingst=\count131
\ST@wd=\dimen121
\ST@rightskip=\skip55
\ST@leftskip=\skip56
\ST@parfillskip=\skip57
\ST@pageleft=\dimen122
\ST@headht=\dimen123
\ST@tailht=\dimen124
\ST@pagesofar=\dimen125
\ST@pboxht=\dimen126
\ST@lineht=\dimen127
\ST@stretchht=\dimen128
\ST@prevht=\dimen129
\ST@toadd=\dimen130
\ST@dimen=\dimen131
\ST@pbox=\box32
))
(/usr/share/texlive/texmf-dist/tex/latex/glossaries/styles/glossary-tree.sty
Package: glossary-tree 2016/01/24 v4.21 (NLCT)
\glstreeindent=\skip58
))
(/usr/share/texlive/texmf-dist/tex/latex/tools/array.sty
Package: array 2014/10/28 v2.4c Tabular extension package (FMi)
\col@sep=\dimen132
\extrarowheight=\dimen133
\NC@list=\toks34
\extratabsurround=\skip59
\backup@length=\skip60
)
(/usr/share/texlive/texmf-dist/tex/latex/multirow/multirow.sty
\bigstrutjot=\dimen134
)
(/usr/share/texlive/texmf-dist/tex/latex/makecell/makecell.sty
Package: makecell 2009/08/03 V0.1e Managing of Tab Column Heads and Cells
\rotheadsize=\dimen135
\c@nlinenum=\count132
\TeXr@lab=\toks35
)
(/usr/share/texlive/texmf-dist/tex/latex/hyperref/hyperref.sty
Package: hyperref 2012/11/06 v6.83m Hypertext links for LaTeX

(/usr/share/texlive/texmf-dist/tex/generic/oberdiek/hobsub-hyperref.sty
Package: hobsub-hyperref 2012/05/28 v1.13 Bundle oberdiek, subset hyperref (HO)


(/usr/share/texlive/texmf-dist/tex/generic/oberdiek/hobsub-generic.sty
Package: hobsub-generic 2012/05/28 v1.13 Bundle oberdiek, subset generic (HO)
Package: hobsub 2012/05/28 v1.13 Construct package bundles (HO)
Package hobsub Info: Skipping package `infwarerr' (already loaded).
Package hobsub Info: Skipping package `ltxcmds' (already loaded).
Package: ifluatex 2010/03/01 v1.3 Provides the ifluatex switch (HO)
Package ifluatex Info: LuaTeX not detected.
Package: ifvtex 2010/03/01 v1.5 Detect VTeX and its facilities (HO)
Package ifvtex Info: VTeX not detected.
Package: intcalc 2007/09/27 v1.1 Expandable calculations with integers (HO)
Package: ifpdf 2011/01/30 v2.3 Provides the ifpdf switch (HO)
Package ifpdf Info: pdfTeX in PDF mode is detected.
Package: etexcmds 2011/02/16 v1.5 Avoid name clashes with e-TeX commands (HO)
Package etexcmds Info: Could not find \expanded.
(etexcmds)             That can mean that you are not using pdfTeX 1.50 or
(etexcmds)             that some package has redefined \expanded.
(etexcmds)             In the latter case, load this package earlier.
Package: kvsetkeys 2012/04/25 v1.16 Key value parser (HO)
Package: kvdefinekeys 2011/04/07 v1.3 Define keys (HO)
Package: pdftexcmds 2011/11/29 v0.20 Utility functions of pdfTeX for LuaTeX (HO
)
Package pdftexcmds Info: LuaTeX not detected.
Package pdftexcmds Info: \pdf@primitive is available.
Package pdftexcmds Info: \pdf@ifprimitive is available.
Package pdftexcmds Info: \pdfdraftmode found.
Package: pdfescape 2011/11/25 v1.13 Implements pdfTeX's escape features (HO)
Package: bigintcalc 2012/04/08 v1.3 Expandable calculations on big integers (HO
)
Package: bitset 2011/01/30 v1.1 Handle bit-vector datatype (HO)
Package: uniquecounter 2011/01/30 v1.2 Provide unlimited unique counter (HO)
)
Package hobsub Info: Skipping package `hobsub' (already loaded).
Package: letltxmacro 2010/09/02 v1.4 Let assignment for LaTeX macros (HO)
Package: hopatch 2012/05/28 v1.2 Wrapper for package hooks (HO)
Package: xcolor-patch 2011/01/30 xcolor patch
Package: atveryend 2011/06/30 v1.8 Hooks at the very end of document (HO)
Package: atbegshi 2011/10/05 v1.16 At begin shipout hook (HO)
Package: refcount 2011/10/16 v3.4 Data extraction from label references (HO)
Package: hycolor 2011/01/30 v1.7 Color options for hyperref/bookmark (HO)
)
(/usr/share/texlive/texmf-dist/tex/generic/ifxetex/ifxetex.sty
Package: ifxetex 2010/09/12 v0.6 Provides ifxetex conditional
)
(/usr/share/texlive/texmf-dist/tex/latex/oberdiek/auxhook.sty
Package: auxhook 2011/03/04 v1.3 Hooks for auxiliary files (HO)
)
(/usr/share/texlive/texmf-dist/tex/latex/oberdiek/kvoptions.sty
Package: kvoptions 2011/06/30 v3.11 Key value format for package options (HO)
)
\@linkdim=\dimen136
\Hy@linkcounter=\count133
\Hy@pagecounter=\count134

(/usr/share/texlive/texmf-dist/tex/latex/hyperref/pd1enc.def
File: pd1enc.def 2012/11/06 v6.83m Hyperref: PDFDocEncoding definition (HO)
Now handling font encoding PD1 ...
... no UTF-8 mapping file for font encoding PD1
)
\Hy@SavedSpaceFactor=\count135

(/usr/share/texlive/texmf-dist/tex/latex/latexconfig/hyperref.cfg
File: hyperref.cfg 2002/06/06 v1.2 hyperref configuration of TeXLive
)
Package hyperref Info: Option `colorlinks' set `true' on input line 4319.
Package hyperref Info: Hyper figures OFF on input line 4443.
Package hyperref Info: Link nesting OFF on input line 4448.
Package hyperref Info: Hyper index ON on input line 4451.
Package hyperref Info: Plain pages OFF on input line 4458.
Package hyperref Info: Backreferencing OFF on input line 4463.
Package hyperref Info: Implicit mode ON; LaTeX internals redefined.
Package hyperref Info: Bookmarks ON on input line 4688.
\c@Hy@tempcnt=\count136

(/usr/share/texlive/texmf-dist/tex/latex/url/url.sty
\Urlmuskip=\muskip11
Package: url 2013/09/16  ver 3.4  Verb mode for urls, etc.
)
LaTeX Info: Redefining \url on input line 5041.
\XeTeXLinkMargin=\dimen137
\Fld@menulength=\count137
\Field@Width=\dimen138
\Fld@charsize=\dimen139
Package hyperref Info: Hyper figures OFF on input line 6295.
Package hyperref Info: Link nesting OFF on input line 6300.
Package hyperref Info: Hyper index ON on input line 6303.
Package hyperref Info: backreferencing OFF on input line 6310.
Package hyperref Info: Link coloring ON on input line 6313.
Package hyperref Info: Link coloring with OCG OFF on input line 6320.
Package hyperref Info: PDF/A mode OFF on input line 6325.
LaTeX Info: Redefining \ref on input line 6365.
LaTeX Info: Redefining \pageref on input line 6369.
\Hy@abspage=\count138
\c@Item=\count139
\c@Hfootnote=\count140
)

Package hyperref Message: Driver (autodetected): hpdftex.

(/usr/share/texlive/texmf-dist/tex/latex/hyperref/hpdftex.def
File: hpdftex.def 2012/11/06 v6.83m Hyperref driver for pdfTeX
\Fld@listcount=\count141
\c@bookmark@seq@number=\count142

(/usr/share/texlive/texmf-dist/tex/latex/oberdiek/rerunfilecheck.sty
Package: rerunfilecheck 2011/04/15 v1.7 Rerun checks for auxiliary files (HO)
Package uniquecounter Info: New unique counter `rerunfilecheck' on input line 2
82.
)
\Hy@SectionHShift=\skip61
)
\glswrite=\write3
\glo@main@file=\write4
\openout4 = `main.glo'.

Package glossaries Info: Writing glossary file main.glo on input line 17.

(/usr/share/texlive/texmf-dist/tex/latex/tocbibind/tocbibind.sty
Package: tocbibind 2010/10/13 v1.5k extra ToC listings
Package tocbibind Info: The document has section divisions on input line 50.


Package tocbibind Note: Using section or other style headings.

) (/usr/share/texlive/texmf-dist/tex/latex/graphics/graphicx.sty
Package: graphicx 2014/10/28 v1.0g Enhanced LaTeX Graphics (DPC,SPQR)
\Gin@req@height=\dimen140
\Gin@req@width=\dimen141
)
(/usr/share/texlive/texmf-dist/tex/latex/geometry/geometry.sty
Package: geometry 2010/09/12 v5.6 Page Geometry
\Gm@cnth=\count143
\Gm@cntv=\count144
\c@Gm@tempcnt=\count145
\Gm@bindingoffset=\dimen142
\Gm@wd@mp=\dimen143
\Gm@odd@mp=\dimen144
\Gm@even@mp=\dimen145
\Gm@layoutwidth=\dimen146
\Gm@layoutheight=\dimen147
\Gm@layouthoffset=\dimen148
\Gm@layoutvoffset=\dimen149
\Gm@dimlist=\toks36
)
(/usr/share/texlive/texmf-dist/tex/latex/tcolorbox/tcolorbox.sty
Package: tcolorbox 2016/02/29 version 3.90 text color boxes

(/usr/share/texlive/texmf-dist/tex/latex/pgf/basiclayer/pgf.sty
(/usr/share/texlive/texmf-dist/tex/latex/pgf/utilities/pgfrcs.sty
(/usr/share/texlive/texmf-dist/tex/generic/pgf/utilities/pgfutil-common.tex
\pgfutil@everybye=\toks37
\pgfutil@tempdima=\dimen150
\pgfutil@tempdimb=\dimen151

(/usr/share/texlive/texmf-dist/tex/generic/pgf/utilities/pgfutil-common-lists.t
ex)) (/usr/share/texlive/texmf-dist/tex/generic/pgf/utilities/pgfutil-latex.def
\pgfutil@abb=\box33
(/usr/share/texlive/texmf-dist/tex/latex/ms/everyshi.sty
Package: everyshi 2001/05/15 v3.00 EveryShipout Package (MS)
))
(/usr/share/texlive/texmf-dist/tex/generic/pgf/utilities/pgfrcs.code.tex
Package: pgfrcs 2015/08/07 v3.0.1a (rcs-revision 1.31)
))
Package: pgf 2015/08/07 v3.0.1a (rcs-revision 1.15)

(/usr/share/texlive/texmf-dist/tex/latex/pgf/basiclayer/pgfcore.sty
(/usr/share/texlive/texmf-dist/tex/latex/pgf/systemlayer/pgfsys.sty
(/usr/share/texlive/texmf-dist/tex/generic/pgf/systemlayer/pgfsys.code.tex
Package: pgfsys 2014/07/09 v3.0.1a (rcs-revision 1.48)

(/usr/share/texlive/texmf-dist/tex/generic/pgf/utilities/pgfkeys.code.tex
\pgfkeys@pathtoks=\toks38
\pgfkeys@temptoks=\toks39

(/usr/share/texlive/texmf-dist/tex/generic/pgf/utilities/pgfkeysfiltered.code.t
ex
\pgfkeys@tmptoks=\toks40
))
\pgf@x=\dimen152
\pgf@y=\dimen153
\pgf@xa=\dimen154
\pgf@ya=\dimen155
\pgf@xb=\dimen156
\pgf@yb=\dimen157
\pgf@xc=\dimen158
\pgf@yc=\dimen159
\w@pgf@writea=\write5
\r@pgf@reada=\read1
\c@pgf@counta=\count146
\c@pgf@countb=\count147
\c@pgf@countc=\count148
\c@pgf@countd=\count149
\t@pgf@toka=\toks41
\t@pgf@tokb=\toks42
\t@pgf@tokc=\toks43
 (/usr/share/texlive/texmf-dist/tex/generic/pgf/systemlayer/pgf.cfg
File: pgf.cfg 2008/05/14  (rcs-revision 1.7)
)
Driver file for pgf: pgfsys-pdftex.def

(/usr/share/texlive/texmf-dist/tex/generic/pgf/systemlayer/pgfsys-pdftex.def
File: pgfsys-pdftex.def 2014/10/11  (rcs-revision 1.35)

(/usr/share/texlive/texmf-dist/tex/generic/pgf/systemlayer/pgfsys-common-pdf.de
f
File: pgfsys-common-pdf.def 2013/10/10  (rcs-revision 1.13)
)))
(/usr/share/texlive/texmf-dist/tex/generic/pgf/systemlayer/pgfsyssoftpath.code.
tex
File: pgfsyssoftpath.code.tex 2013/09/09  (rcs-revision 1.9)
\pgfsyssoftpath@smallbuffer@items=\count150
\pgfsyssoftpath@bigbuffer@items=\count151
)
(/usr/share/texlive/texmf-dist/tex/generic/pgf/systemlayer/pgfsysprotocol.code.
tex
File: pgfsysprotocol.code.tex 2006/10/16  (rcs-revision 1.4)
)) (/usr/share/texlive/texmf-dist/tex/latex/xcolor/xcolor.sty
Package: xcolor 2007/01/21 v2.11 LaTeX color extensions (UK)

(/usr/share/texlive/texmf-dist/tex/latex/latexconfig/color.cfg
File: color.cfg 2007/01/18 v1.5 color configuration of teTeX/TeXLive
)
Package xcolor Info: Driver file: pdftex.def on input line 225.
Package xcolor Info: Model `cmy' substituted by `cmy0' on input line 1337.
Package xcolor Info: Model `hsb' substituted by `rgb' on input line 1341.
Package xcolor Info: Model `RGB' extended on input line 1353.
Package xcolor Info: Model `HTML' substituted by `rgb' on input line 1355.
Package xcolor Info: Model `Hsb' substituted by `hsb' on input line 1356.
Package xcolor Info: Model `tHsb' substituted by `hsb' on input line 1357.
Package xcolor Info: Model `HSB' substituted by `hsb' on input line 1358.
Package xcolor Info: Model `Gray' substituted by `gray' on input line 1359.
Package xcolor Info: Model `wave' substituted by `hsb' on input line 1360.
)
(/usr/share/texlive/texmf-dist/tex/generic/pgf/basiclayer/pgfcore.code.tex
Package: pgfcore 2010/04/11 v3.0.1a (rcs-revision 1.7)

(/usr/share/texlive/texmf-dist/tex/generic/pgf/math/pgfmath.code.tex
(/usr/share/texlive/texmf-dist/tex/generic/pgf/math/pgfmathcalc.code.tex
(/usr/share/texlive/texmf-dist/tex/generic/pgf/math/pgfmathutil.code.tex)
(/usr/share/texlive/texmf-dist/tex/generic/pgf/math/pgfmathparser.code.tex
\pgfmath@dimen=\dimen160
\pgfmath@count=\count152
\pgfmath@box=\box34
\pgfmath@toks=\toks44
\pgfmath@stack@operand=\toks45
\pgfmath@stack@operation=\toks46
)
(/usr/share/texlive/texmf-dist/tex/generic/pgf/math/pgfmathfunctions.code.tex
(/usr/share/texlive/texmf-dist/tex/generic/pgf/math/pgfmathfunctions.basic.code
.tex)
(/usr/share/texlive/texmf-dist/tex/generic/pgf/math/pgfmathfunctions.trigonomet
ric.code.tex)
(/usr/share/texlive/texmf-dist/tex/generic/pgf/math/pgfmathfunctions.random.cod
e.tex)
(/usr/share/texlive/texmf-dist/tex/generic/pgf/math/pgfmathfunctions.comparison
.code.tex)
(/usr/share/texlive/texmf-dist/tex/generic/pgf/math/pgfmathfunctions.base.code.
tex)
(/usr/share/texlive/texmf-dist/tex/generic/pgf/math/pgfmathfunctions.round.code
.tex)
(/usr/share/texlive/texmf-dist/tex/generic/pgf/math/pgfmathfunctions.misc.code.
tex)
(/usr/share/texlive/texmf-dist/tex/generic/pgf/math/pgfmathfunctions.integerari
thmetics.code.tex)))
(/usr/share/texlive/texmf-dist/tex/generic/pgf/math/pgfmathfloat.code.tex
\c@pgfmathroundto@lastzeros=\count153
))
(/usr/share/texlive/texmf-dist/tex/generic/pgf/basiclayer/pgfcorepoints.code.te
x
File: pgfcorepoints.code.tex 2013/10/07  (rcs-revision 1.27)
\pgf@picminx=\dimen161
\pgf@picmaxx=\dimen162
\pgf@picminy=\dimen163
\pgf@picmaxy=\dimen164
\pgf@pathminx=\dimen165
\pgf@pathmaxx=\dimen166
\pgf@pathminy=\dimen167
\pgf@pathmaxy=\dimen168
\pgf@xx=\dimen169
\pgf@xy=\dimen170
\pgf@yx=\dimen171
\pgf@yy=\dimen172
\pgf@zx=\dimen173
\pgf@zy=\dimen174
)
(/usr/share/texlive/texmf-dist/tex/generic/pgf/basiclayer/pgfcorepathconstruct.
code.tex
File: pgfcorepathconstruct.code.tex 2013/10/07  (rcs-revision 1.29)
\pgf@path@lastx=\dimen175
\pgf@path@lasty=\dimen176
)
(/usr/share/texlive/texmf-dist/tex/generic/pgf/basiclayer/pgfcorepathusage.code
.tex
File: pgfcorepathusage.code.tex 2014/11/02  (rcs-revision 1.24)
\pgf@shorten@end@additional=\dimen177
\pgf@shorten@start@additional=\dimen178
)
(/usr/share/texlive/texmf-dist/tex/generic/pgf/basiclayer/pgfcorescopes.code.te
x
File: pgfcorescopes.code.tex 2015/05/08  (rcs-revision 1.46)
\pgfpic=\box35
\pgf@hbox=\box36
\pgf@layerbox@main=\box37
\pgf@picture@serial@count=\count154
)
(/usr/share/texlive/texmf-dist/tex/generic/pgf/basiclayer/pgfcoregraphicstate.c
ode.tex
File: pgfcoregraphicstate.code.tex 2014/11/02  (rcs-revision 1.12)
\pgflinewidth=\dimen179
)
(/usr/share/texlive/texmf-dist/tex/generic/pgf/basiclayer/pgfcoretransformation
s.code.tex
File: pgfcoretransformations.code.tex 2015/08/07  (rcs-revision 1.20)
\pgf@pt@x=\dimen180
\pgf@pt@y=\dimen181
\pgf@pt@temp=\dimen182
)
(/usr/share/texlive/texmf-dist/tex/generic/pgf/basiclayer/pgfcorequick.code.tex
File: pgfcorequick.code.tex 2008/10/09  (rcs-revision 1.3)
)
(/usr/share/texlive/texmf-dist/tex/generic/pgf/basiclayer/pgfcoreobjects.code.t
ex
File: pgfcoreobjects.code.tex 2006/10/11  (rcs-revision 1.2)
)
(/usr/share/texlive/texmf-dist/tex/generic/pgf/basiclayer/pgfcorepathprocessing
.code.tex
File: pgfcorepathprocessing.code.tex 2013/09/09  (rcs-revision 1.9)
)
(/usr/share/texlive/texmf-dist/tex/generic/pgf/basiclayer/pgfcorearrows.code.te
x
File: pgfcorearrows.code.tex 2015/05/14  (rcs-revision 1.43)
\pgfarrowsep=\dimen183
)
(/usr/share/texlive/texmf-dist/tex/generic/pgf/basiclayer/pgfcoreshade.code.tex
File: pgfcoreshade.code.tex 2013/07/15  (rcs-revision 1.15)
\pgf@max=\dimen184
\pgf@sys@shading@range@num=\count155
)
(/usr/share/texlive/texmf-dist/tex/generic/pgf/basiclayer/pgfcoreimage.code.tex
File: pgfcoreimage.code.tex 2013/07/15  (rcs-revision 1.18)

(/usr/share/texlive/texmf-dist/tex/generic/pgf/basiclayer/pgfcoreexternal.code.
tex
File: pgfcoreexternal.code.tex 2014/07/09  (rcs-revision 1.21)
\pgfexternal@startupbox=\box38
))
(/usr/share/texlive/texmf-dist/tex/generic/pgf/basiclayer/pgfcorelayers.code.te
x
File: pgfcorelayers.code.tex 2013/07/18  (rcs-revision 1.7)
)
(/usr/share/texlive/texmf-dist/tex/generic/pgf/basiclayer/pgfcoretransparency.c
ode.tex
File: pgfcoretransparency.code.tex 2013/09/30  (rcs-revision 1.5)
)
(/usr/share/texlive/texmf-dist/tex/generic/pgf/basiclayer/pgfcorepatterns.code.
tex
File: pgfcorepatterns.code.tex 2013/11/07  (rcs-revision 1.5)
)))
(/usr/share/texlive/texmf-dist/tex/generic/pgf/modules/pgfmoduleshapes.code.tex
File: pgfmoduleshapes.code.tex 2014/03/21  (rcs-revision 1.35)
\pgfnodeparttextbox=\box39
) (/usr/share/texlive/texmf-dist/tex/generic/pgf/modules/pgfmoduleplot.code.tex
File: pgfmoduleplot.code.tex 2015/08/03  (rcs-revision 1.13)
)
(/usr/share/texlive/texmf-dist/tex/latex/pgf/compatibility/pgfcomp-version-0-65
.sty
Package: pgfcomp-version-0-65 2007/07/03 v3.0.1a (rcs-revision 1.7)
\pgf@nodesepstart=\dimen185
\pgf@nodesepend=\dimen186
)
(/usr/share/texlive/texmf-dist/tex/latex/pgf/compatibility/pgfcomp-version-1-18
.sty
Package: pgfcomp-version-1-18 2007/07/23 v3.0.1a (rcs-revision 1.1)
)) (/usr/share/texlive/texmf-dist/tex/latex/tools/verbatim.sty
Package: verbatim 2014/10/28 v1.5q LaTeX2e package for verbatim enhancements
\every@verbatim=\toks47
\verbatim@line=\toks48
\verbatim@in@stream=\read2
)
(/usr/share/texlive/texmf-dist/tex/latex/environ/environ.sty
Package: environ 2014/05/04 v0.3 A new way to define environments

(/usr/share/texlive/texmf-dist/tex/latex/trimspaces/trimspaces.sty
Package: trimspaces 2009/09/17 v1.1 Trim spaces around a token list
))
\tcb@titlebox=\box40
\tcb@upperbox=\box41
\tcb@lowerbox=\box42
\tcb@phantombox=\box43
\c@tcbbreakpart=\count156
\c@tcblayer=\count157
\tcolorbox@number=\count158
\tcb@temp=\box44
\tcb@temp=\box45
\tcb@temp=\box46
\tcb@temp=\box47
\tcb@out=\write6
\tcb@record@out=\write7

(/usr/share/texlive/texmf-dist/tex/latex/tcolorbox/tcbraster.code.tex
Library (tcolorbox): 'tcbraster.code.tex' version '3.90'
\c@tcbrastercolumn=\count159
\c@tcbrasterrow=\count160
\c@tcbraster=\count161
) (/usr/share/texlive/texmf-dist/tex/latex/tcolorbox/tcbskins.code.tex
Library (tcolorbox): 'tcbskins.code.tex' version '3.90'
(/usr/share/texlive/texmf-dist/tex/latex/pgf/frontendlayer/tikz.sty
(/usr/share/texlive/texmf-dist/tex/latex/pgf/utilities/pgffor.sty
(/usr/share/texlive/texmf-dist/tex/latex/pgf/utilities/pgfkeys.sty
(/usr/share/texlive/texmf-dist/tex/generic/pgf/utilities/pgfkeys.code.tex))
(/usr/share/texlive/texmf-dist/tex/latex/pgf/math/pgfmath.sty
(/usr/share/texlive/texmf-dist/tex/generic/pgf/math/pgfmath.code.tex))
(/usr/share/texlive/texmf-dist/tex/generic/pgf/utilities/pgffor.code.tex
Package: pgffor 2013/12/13 v3.0.1a (rcs-revision 1.25)

(/usr/share/texlive/texmf-dist/tex/generic/pgf/math/pgfmath.code.tex)
\pgffor@iter=\dimen187
\pgffor@skip=\dimen188
\pgffor@stack=\toks49
\pgffor@toks=\toks50
))
(/usr/share/texlive/texmf-dist/tex/generic/pgf/frontendlayer/tikz/tikz.code.tex
Package: tikz 2015/08/07 v3.0.1a (rcs-revision 1.151)

(/usr/share/texlive/texmf-dist/tex/generic/pgf/libraries/pgflibraryplothandlers
.code.tex
File: pgflibraryplothandlers.code.tex 2013/08/31 v3.0.1a (rcs-revision 1.20)
\pgf@plot@mark@count=\count162
\pgfplotmarksize=\dimen189
)
\tikz@lastx=\dimen190
\tikz@lasty=\dimen191
\tikz@lastxsaved=\dimen192
\tikz@lastysaved=\dimen193
\tikzleveldistance=\dimen194
\tikzsiblingdistance=\dimen195
\tikz@figbox=\box48
\tikz@figbox@bg=\box49
\tikz@tempbox=\box50
\tikz@tempbox@bg=\box51
\tikztreelevel=\count163
\tikznumberofchildren=\count164
\tikznumberofcurrentchild=\count165
\tikz@fig@count=\count166

(/usr/share/texlive/texmf-dist/tex/generic/pgf/modules/pgfmodulematrix.code.tex
File: pgfmodulematrix.code.tex 2013/09/17  (rcs-revision 1.8)
\pgfmatrixcurrentrow=\count167
\pgfmatrixcurrentcolumn=\count168
\pgf@matrix@numberofcolumns=\count169
)
\tikz@expandcount=\count170

(/usr/share/texlive/texmf-dist/tex/generic/pgf/frontendlayer/tikz/libraries/tik
zlibrarytopaths.code.tex
File: tikzlibrarytopaths.code.tex 2008/06/17 v3.0.1a (rcs-revision 1.2)
)))
\tcb@waterbox=\box52

(/usr/share/texlive/texmf-dist/tex/latex/tcolorbox/tcbskinsjigsaw.code.tex
Library (tcolorbox): 'tcbskinsjigsaw.code.tex' version '3.90'
)) (/usr/share/texlive/texmf-dist/tex/latex/tcolorbox/tcbbreakable.code.tex
Library (tcolorbox): 'tcbbreakable.code.tex' version '3.90'
\tcb@testbox=\box53
\tcb@totalupperbox=\box54
\tcb@totallowerbox=\box55
) (/usr/share/texlive/texmf-dist/tex/latex/tcolorbox/tcbhooks.code.tex
Library (tcolorbox): 'tcbhooks.code.tex' version '3.90'
) (/usr/share/texlive/texmf-dist/tex/latex/tcolorbox/tcbtheorems.code.tex
Library (tcolorbox): 'tcbtheorems.code.tex' version '3.90'
) (/usr/share/texlive/texmf-dist/tex/latex/tcolorbox/tcbfitting.code.tex
Library (tcolorbox): 'tcbfitting.code.tex' version '3.90'
\tcbfitdim=\dimen196
\tcb@lowerfitdim=\dimen197
\tcb@upperfitdim=\dimen198
\tcb@cur@hbadness=\count171
) (/usr/share/texlive/texmf-dist/tex/latex/tcolorbox/tcbxparse.code.tex
Library (tcolorbox): 'tcbxparse.code.tex' version '3.90'
(/usr/share/texlive/texmf-dist/tex/latex/l3packages/xparse/xparse.sty
(/usr/share/texlive/texmf-dist/tex/latex/l3kernel/expl3.sty
Package: expl3 2016/01/19 v6377 L3 programming layer (loader) 

(/usr/share/texlive/texmf-dist/tex/latex/l3kernel/expl3-code.tex
Package: expl3 2016/01/19 v6377 L3 programming layer (code)
L3 Module: l3bootstrap 2016/01/01 v6339 L3 Bootstrap code
L3 Module: l3names 2015/12/21 v6328 L3 Namespace for primitives
L3 Module: l3basics 2015/11/22 v6315 L3 Basic definitions
L3 Module: l3expan 2015/09/10 v5983 L3 Argument expansion
L3 Module: l3tl 2015/09/29 v6121 L3 Token lists
L3 Module: l3str 2016/01/03 v6357 L3 Strings
L3 Module: l3seq 2015/08/05 v5777 L3 Sequences and stacks
L3 Module: l3int 2016/01/05 v6366 L3 Integers
\c_max_int=\count172
\l_tmpa_int=\count173
\l_tmpb_int=\count174
\g_tmpa_int=\count175
\g_tmpb_int=\count176
L3 Module: l3quark 2015/08/17 v5855 L3 Quarks
L3 Module: l3prg 2015/11/01 v6216 L3 Control structures
\g__prg_map_int=\count177
L3 Module: l3clist 2015/09/02 v5901 L3 Comma separated lists
L3 Module: l3token 2015/11/11 v6249 L3 Experimental token manipulation
L3 Module: l3prop 2016/01/05 v6366 L3 Property lists
L3 Module: l3msg 2015/09/28 v6113 L3 Messages
L3 Module: l3file 2015/12/03 v6317 L3 File and I/O operations
\l_iow_line_count_int=\count178
\l__iow_target_count_int=\count179
\l__iow_current_line_int=\count180
\l__iow_current_word_int=\count181
\l__iow_current_indentation_int=\count182
L3 Module: l3skip 2016/01/05 v6366 L3 Dimensions and skips
\c_zero_dim=\dimen199
\c_max_dim=\dimen256
\l_tmpa_dim=\dimen257
\l_tmpb_dim=\dimen258
\g_tmpa_dim=\dimen259
\g_tmpb_dim=\dimen260
\c_zero_skip=\skip62
\c_max_skip=\skip63
\l_tmpa_skip=\skip64
\l_tmpb_skip=\skip65
\g_tmpa_skip=\skip66
\g_tmpb_skip=\skip67
\c_zero_muskip=\muskip12
\c_max_muskip=\muskip13
\l_tmpa_muskip=\muskip14
\l_tmpb_muskip=\muskip15
\g_tmpa_muskip=\muskip16
\g_tmpb_muskip=\muskip17
L3 Module: l3keys 2015/11/17 v6284 L3 Key-value interfaces
\g__keyval_level_int=\count183
\l_keys_choice_int=\count184
L3 Module: l3fp 2015/08/25 v5890 L3 Floating points
\c__fp_leading_shift_int=\count185
\c__fp_middle_shift_int=\count186
\c__fp_trailing_shift_int=\count187
\c__fp_big_leading_shift_int=\count188
\c__fp_big_middle_shift_int=\count189
\c__fp_big_trailing_shift_int=\count190
\c__fp_Bigg_leading_shift_int=\count191
\c__fp_Bigg_middle_shift_int=\count192
\c__fp_Bigg_trailing_shift_int=\count193
L3 Module: l3box 2015/08/09 v5822 L3 Experimental boxes
\c_empty_box=\box56
\l_tmpa_box=\box57
\l_tmpb_box=\box58
\g_tmpa_box=\box59
\g_tmpb_box=\box60
L3 Module: l3coffins 2015/08/06 v5789 L3 Coffin code layer
\l__coffin_internal_box=\box61
\l__coffin_internal_dim=\dimen261
\l__coffin_offset_x_dim=\dimen262
\l__coffin_offset_y_dim=\dimen263
\l__coffin_x_dim=\dimen264
\l__coffin_y_dim=\dimen265
\l__coffin_x_prime_dim=\dimen266
\l__coffin_y_prime_dim=\dimen267
\c_empty_coffin=\box62
\l__coffin_aligned_coffin=\box63
\l__coffin_aligned_internal_coffin=\box64
\l_tmpa_coffin=\box65
\l_tmpb_coffin=\box66
\l__coffin_display_coffin=\box67
\l__coffin_display_coord_coffin=\box68
\l__coffin_display_pole_coffin=\box69
\l__coffin_display_offset_dim=\dimen268
\l__coffin_display_x_dim=\dimen269
\l__coffin_display_y_dim=\dimen270
L3 Module: l3color 2014/08/23 v5354 L3 Experimental color support
L3 Module: l3sys 2015/09/25 v6087 L3 Experimental system/runtime functions
L3 Module: l3candidates 2016/01/14 v6376 L3 Experimental additions to l3kernel
\l__box_top_dim=\dimen271
\l__box_bottom_dim=\dimen272
\l__box_left_dim=\dimen273
\l__box_right_dim=\dimen274
\l__box_top_new_dim=\dimen275
\l__box_bottom_new_dim=\dimen276
\l__box_left_new_dim=\dimen277
\l__box_right_new_dim=\dimen278
\l__box_internal_box=\box70
\l__coffin_bounding_shift_dim=\dimen279
\l__coffin_left_corner_dim=\dimen280
\l__coffin_right_corner_dim=\dimen281
\l__coffin_bottom_corner_dim=\dimen282
\l__coffin_top_corner_dim=\dimen283
\l__coffin_scaled_total_height_dim=\dimen284
\l__coffin_scaled_width_dim=\dimen285
L3 Module: l3luatex 2015/11/11 v6250 L3 Experimental LuaTeX-specific functions
)
(/usr/share/texlive/texmf-dist/tex/latex/l3kernel/l3pdfmode.def
File: l3pdfmode.def 2015/11/11 v6250 L3 Experimental driver: PDF mode
\l__driver_color_stack_int=\count194
))
Package: xparse 2016/01/19 v6377 L3 Experimental document command parser
\l__xparse_current_arg_int=\count195
\l__xparse_m_args_int=\count196
\l__xparse_mandatory_args_int=\count197
\l__xparse_processor_int=\count198
\l__xparse_v_nesting_int=\count199
)
.................................................
. LaTeX info: "xparse/define-command"
. 
. Defining command \tcboxverb with sig. ' O{} v ' on line 128.
.................................................
.................................................
. LaTeX info: "xparse/define-command"
. 
. Defining command \tcbsidebyside with sig. ' +O{} +m +m ' on line 280.
.................................................
)
(/usr/share/texlive/texmf-dist/tex/latex/tcolorbox/tcblistingsutf8.code.tex
Library (tcolorbox): 'tcblistingsutf8.code.tex' version '3.90'
(/usr/share/texlive/texmf-dist/tex/latex/oberdiek/listingsutf8.sty
Package: listingsutf8 2011/11/10 v1.2 Allow UTF-8 in listings input (HO)

(/usr/share/texlive/texmf-dist/tex/latex/listings/listings.sty
\lst@mode=\count266
\lst@gtempboxa=\box71
\lst@token=\toks51
\lst@length=\count267
\lst@currlwidth=\dimen286
\lst@column=\count268
\lst@pos=\count269
\lst@lostspace=\dimen287
\lst@width=\dimen288
\lst@newlines=\count270
\lst@lineno=\count271
\lst@maxwidth=\dimen289

(/usr/share/texlive/texmf-dist/tex/latex/listings/lstmisc.sty
File: lstmisc.sty 2015/06/04 1.6 (Carsten Heinz)
\c@lstnumber=\count272
\lst@skipnumbers=\count273
\lst@framebox=\box72
)
(/usr/share/texlive/texmf-dist/tex/latex/listings/listings.cfg
File: listings.cfg 2015/06/04 1.6 listings configuration
))
Package: listings 2015/06/04 1.6 (Carsten Heinz)

(/usr/share/texlive/texmf-dist/tex/generic/oberdiek/stringenc.sty
Package: stringenc 2011/12/02 v1.10 Convert strings between diff. encodings (HO
)
))
(/usr/share/texlive/texmf-dist/tex/latex/tcolorbox/tcblistings.code.tex
Library (tcolorbox): 'tcblistings.code.tex' version '3.90'
(/usr/share/texlive/texmf-dist/tex/latex/tcolorbox/tcblistingscore.code.tex
Library (tcolorbox): 'tcblistingscore.code.tex' version '3.90'
\c@tcblisting=\count274
))) (/usr/share/texlive/texmf-dist/tex/latex/tcolorbox/tcbexternal.code.tex
Library (tcolorbox): 'tcbexternal.code.tex' version '3.90'
) (/usr/share/texlive/texmf-dist/tex/latex/tcolorbox/tcbmagazine.code.tex
Library (tcolorbox): 'tcbmagazine.code.tex' version '3.90'
)) (/usr/share/texlive/texmf-dist/tex/latex/subfiles/subfiles.sty
Package: subfiles 2012/05/23 Federico Garcia
) (./main.aux
(./ressources/body.aux

LaTeX Warning: Label `sec:5' multiply defined.


LaTeX Warning: Label `figure:runtime' multiply defined.

))
\openout1 = `main.aux'.

LaTeX Font Info:    Checking defaults for OML/cmm/m/it on input line 28.
LaTeX Font Info:    ... okay on input line 28.
LaTeX Font Info:    Checking defaults for T1/cmr/m/n on input line 28.
LaTeX Font Info:    ... okay on input line 28.
LaTeX Font Info:    Checking defaults for OT1/cmr/m/n on input line 28.
LaTeX Font Info:    ... okay on input line 28.
LaTeX Font Info:    Checking defaults for OMS/cmsy/m/n on input line 28.
LaTeX Font Info:    ... okay on input line 28.
LaTeX Font Info:    Checking defaults for OMX/cmex/m/n on input line 28.
LaTeX Font Info:    ... okay on input line 28.
LaTeX Font Info:    Checking defaults for U/cmr/m/n on input line 28.
LaTeX Font Info:    ... okay on input line 28.
LaTeX Font Info:    Checking defaults for PD1/pdf/m/n on input line 28.
LaTeX Font Info:    ... okay on input line 28.
Package caption Info: Begin \AtBeginDocument code.
Package caption Info: hyperref package is loaded.
Package caption Info: listings package is loaded.
Package caption Info: longtable package is loaded.
 (/usr/share/texlive/texmf-dist/tex/latex/caption/ltcaption.sty
Package: ltcaption 2013/06/09 v1.4-94 longtable captions (AR)
)
Package caption Info: supertabular package is loaded.
Package caption Info: End \AtBeginDocument code.

(/usr/share/texlive/texmf-dist/tex/context/base/supp-pdf.mkii
[Loading MPS to PDF converter (version 2006.09.02).]
\scratchcounter=\count275
\scratchdimen=\dimen290
\scratchbox=\box73
\nofMPsegments=\count276
\nofMParguments=\count277
\everyMPshowfont=\toks52
\MPscratchCnt=\count278
\MPscratchDim=\dimen291
\MPnumerator=\count279
\makeMPintoPDFobject=\count280
\everyMPtoPDFconversion=\toks53
) (/usr/share/texlive/texmf-dist/tex/latex/oberdiek/epstopdf-base.sty
Package: epstopdf-base 2010/02/09 v2.5 Base part for package epstopdf

(/usr/share/texlive/texmf-dist/tex/latex/oberdiek/grfext.sty
Package: grfext 2010/08/19 v1.1 Manage graphics extensions (HO)
)
Package grfext Info: Graphics extension search list:
(grfext)             [.png,.pdf,.jpg,.mps,.jpeg,.jbig2,.jb2,.PNG,.PDF,.JPG,.JPE
G,.JBIG2,.JB2,.eps]
(grfext)             \AppendGraphicsExtensions on input line 452.

(/usr/share/texlive/texmf-dist/tex/latex/latexconfig/epstopdf-sys.cfg
File: epstopdf-sys.cfg 2010/07/13 v1.3 Configuration of (r)epstopdf for TeX Liv
e
))
(./main.glsdefs)
\AtBeginShipoutBox=\box74
Package hyperref Info: Link coloring ON on input line 28.
 (/usr/share/texlive/texmf-dist/tex/latex/hyperref/nameref.sty
Package: nameref 2012/10/27 v2.43 Cross-referencing by name of section

(/usr/share/texlive/texmf-dist/tex/generic/oberdiek/gettitlestring.sty
Package: gettitlestring 2010/12/03 v1.4 Cleanup title references (HO)
)
\c@section@level=\count281
)
LaTeX Info: Redefining \ref on input line 28.
LaTeX Info: Redefining \pageref on input line 28.
LaTeX Info: Redefining \nameref on input line 28.

(./main.out) (./main.out)
\@outlinefile=\write8
\openout8 = `main.out'.


*geometry* driver: auto-detecting
*geometry* detected driver: pdftex
*geometry* verbose mode - [ preamble ] result:
* driver: pdftex
* paper: a4paper
* layout: <same size as paper>
* layoutoffset:(h,v)=(0.0pt,0.0pt)
* modes: 
* h-part:(L,W,R)=(71.13188pt, 455.24411pt, 71.13188pt)
* v-part:(T,H,B)=(71.13188pt, 702.78308pt, 71.13188pt)
* \paperwidth=597.50787pt
* \paperheight=845.04684pt
* \textwidth=455.24411pt
* \textheight=702.78308pt
* \oddsidemargin=-1.1381pt
* \evensidemargin=-1.1381pt
* \topmargin=-38.1381pt
* \headheight=12.0pt
* \headsep=25.0pt
* \topskip=12.0pt
* \footskip=30.0pt
* \marginparwidth=35.0pt
* \marginparsep=10.0pt
* \columnsep=10.0pt
* \skip\footins=10.8pt plus 4.0pt minus 2.0pt
* \hoffset=0.0pt
* \voffset=0.0pt
* \mag=1000
* \@twocolumnfalse
* \@twosidefalse
* \@mparswitchfalse
* \@reversemarginfalse
* (1in=72.27pt=25.4mm, 1cm=28.453pt)

ABD: EveryShipout initializing macros
\c@lstlisting=\count282
 (./ressources/titlePage.tex
<images/logo.png, id=95, 312.2064pt x 305.7021pt>
File: images/logo.png Graphic file (type png)
 <use images/logo.png>
Package pdftex.def Info: images/logo.png used on input line 38.
(pdftex.def)             Requested size: 62.44017pt x 61.13933pt.

<images/logoEnsimag.png, id=97, 189.70876pt x 121.4136pt>
File: images/logoEnsimag.png Graphic file (type png)

<use images/logoEnsimag.png>
Package pdftex.def Info: images/logoEnsimag.png used on input line 40.
(pdftex.def)             Requested size: 113.82613pt x 72.84871pt.

Overfull \hbox (19.83371pt too wide) in paragraph at lines 60--60
 [][][][][][][] 
 []

[1

\openout3 = `main.ist'.

{/var/lib/texmf/fonts/map/pdftex/updmap/pdftex.map} <./images/logo.png> <./imag
es/logoEnsimag.png>] (./main.toc
LaTeX Font Info:    Try loading font information for U+msa on input line 6.

(/usr/share/texlive/texmf-dist/tex/latex/amsfonts/umsa.fd
File: umsa.fd 2013/01/14 v3.01 AMS symbols A
)
LaTeX Font Info:    Try loading font information for U+msb on input line 6.

(/usr/share/texlive/texmf-dist/tex/latex/amsfonts/umsb.fd
File: umsb.fd 2013/01/14 v3.01 AMS symbols B
))
\tf@toc=\write9
\openout9 = `main.toc'.

pdfTeX warning (ext4): destination with the same identifier (name{page.1}) has 
been already used, duplicate ignored
<to be read again> 
                   \relax 
l.99 \newpage
              [1] (./main.lof)
\tf@lof=\write10
\openout10 = `main.lof'.

 [2] (./main.lot)
\tf@lot=\write11
\openout11 = `main.lot'.

 [3])
\openout2 = `ressources/body.aux'.

 (./ressources/body.tex
Underfull \hbox (badness 10000) in paragraph at lines 9--12

 []


Underfull \hbox (badness 10000) in paragraph at lines 13--14

 []


Underfull \hbox (badness 10000) in paragraph at lines 15--16

 []

[4

]
Underfull \hbox (badness 10000) in paragraph at lines 22--24

 []


Underfull \hbox (badness 10000) in paragraph at lines 25--26

 []


Underfull \hbox (badness 10000) in paragraph at lines 39--42

 []


Underfull \hbox (badness 10000) in paragraph at lines 43--45

 []

[5] <images/figure2.jpg, id=271, 722.7pt x 466.74374pt>
File: images/figure2.jpg Graphic file (type jpg)

<use images/figure2.jpg>
Package pdftex.def Info: images/figure2.jpg used on input line 48.
(pdftex.def)             Requested size: 284.53154pt x 170.71259pt.


Package caption Warning: The option `hypcap=true' will be ignored for this
(caption)                particular \caption on input line 49.
See the caption package documentation for explanation.

LaTeX Font Info:    Try loading font information for OMS+cmr on input line 55.
(/usr/share/texlive/texmf-dist/tex/latex/base/omscmr.fd
File: omscmr.fd 2014/09/29 v2.5h Standard LaTeX font definitions
)
LaTeX Font Info:    Font shape `OMS/cmr/m/n' in size <12> not available
(Font)              Font shape `OMS/cmsy/m/n' tried instead on input line 55.

<images/figure1.png, id=273, 1003.75pt x 301.125pt>
File: images/figure1.png Graphic file (type png)
 <use images/figure1.png>
Package pdftex.def Info: images/figure1.png used on input line 60.
(pdftex.def)             Requested size: 341.43896pt x 170.72406pt.


Package caption Warning: The option `hypcap=true' will be ignored for this
(caption)                particular \caption on input line 61.
See the caption package documentation for explanation.

[6 <./images/figure2.jpg> <./images/figure1.png>]
Underfull \hbox (badness 10000) in paragraph at lines 86--90

 []


Underfull \hbox (badness 10000) in paragraph at lines 91--94

 []


Underfull \hbox (badness 10000) in paragraph at lines 95--96

 []


Underfull \hbox (badness 10000) in paragraph at lines 97--99

 []


Underfull \hbox (badness 10000) in paragraph at lines 106--108

 []

[7]
Underfull \hbox (badness 10000) in paragraph at lines 118--121

 []

<images/lagrange_polynomials.png, id=289, 803.0pt x 602.25pt>
File: images/lagrange_polynomials.png Graphic file (type png)

<use images/lagrange_polynomials.png>
Package pdftex.def Info: images/lagrange_polynomials.png used on input line 122
.
(pdftex.def)             Requested size: 284.534pt x 170.71487pt.


Package caption Warning: The option `hypcap=true' will be ignored for this
(caption)                particular \caption on input line 123.
See the caption package documentation for explanation.


Underfull \hbox (badness 10000) in paragraph at lines 128--132

 []

[8 <./images/lagrange_polynomials.png>]
<images/grille.png, id=297, 903.375pt x 702.625pt>
File: images/grille.png Graphic file (type png)
 <use images/grille.png>
Package pdftex.def Info: images/grille.png used on input line 142.
(pdftex.def)             Requested size: 341.43896pt x 256.07538pt.


Package caption Warning: The option `hypcap=true' will be ignored for this
(caption)                particular \caption on input line 143.
See the caption package documentation for explanation.

[9 <./images/grille.png>]
Underfull \hbox (badness 10000) in paragraph at lines 173--175

 []


Underfull \hbox (badness 10000) in paragraph at lines 212--212

 []


Underfull \hbox (badness 10000) in paragraph at lines 224--229

 []

[10] [11]
Overfull \hbox (2.71579pt too wide) in paragraph at lines 251--253
\T1/cmr/m/n/12 squence im-brique d'ensembles mono-tones. Ils peu-vent aussi 
tre con-stru-its d'une manire
 []


Underfull \hbox (badness 10000) in paragraph at lines 251--253

 []


Overfull \hbox (20.18422pt too wide) in paragraph at lines 259--261
\T1/cmr/m/n/12 Ainsi, avec cette df-i-ni-tion, l'algorithme ci-dessous mne  
une squence im-brique d'ensembles
 []


Underfull \hbox (badness 10000) in paragraph at lines 259--261

 []


Overfull \hbox (16.33882pt too wide) in paragraph at lines 291--291
[] 
 []

[12]
Underfull \hbox (badness 10000) in paragraph at lines 296--297

 []


Overfull \hbox (1.64774pt too wide) in paragraph at lines 298--301
[]  \T1/cmr/m/n/12 On a vu que l'algorithme AI volue en lo-cal-isant les point
s o l'erreur d'interpolation
 []

<images/lag_glob.png, id=323, 702.625pt x 702.625pt>
File: images/lag_glob.png Graphic file (type png)
 <use images/lag_glob.png>
Package pdftex.def Info: images/lag_glob.png used on input line 306.
(pdftex.def)             Requested size: 312.98341pt x 312.98341pt.


Package caption Warning: The option `hypcap=true' will be ignored for this
(caption)                particular \caption on input line 307.
See the caption package documentation for explanation.

[13 <./images/lag_glob.png>]
Underfull \hbox (badness 10000) in paragraph at lines 311--312

 []

<images/tree.png, id=331, 903.375pt x 501.875pt>
File: images/tree.png Graphic file (type png)
 <use images/tree.png>
Package pdftex.def Info: images/tree.png used on input line 330.
(pdftex.def)             Requested size: 256.07233pt x 170.71947pt.


Package caption Warning: The option `hypcap=true' will be ignored for this
(caption)                particular \caption on input line 331.
See the caption package documentation for explanation.


Underfull \hbox (badness 10000) in paragraph at lines 334--341

 []

[14 <./images/tree.png>] <images/interp_pm.png, id=338, 1606.0pt x 1606.0pt>
File: images/interp_pm.png Graphic file (type png)

<use images/interp_pm.png>
Package pdftex.def Info: images/interp_pm.png used on input line 342.
(pdftex.def)             Requested size: 312.98495pt x 312.98495pt.


Package caption Warning: The option `hypcap=true' will be ignored for this
(caption)                particular \caption on input line 343.
See the caption package documentation for explanation.


Underfull \hbox (badness 10000) in paragraph at lines 349--350

 []

[15 <./images/interp_pm.png (PNG copy)>] [16]
Underfull \hbox (badness 10000) in paragraph at lines 383--385

 []

<images/huffman.png, id=348, 501.875pt x 501.875pt>
File: images/huffman.png Graphic file (type png)
 <use images/huffman.png>
Package pdftex.def Info: images/huffman.png used on input line 386.
(pdftex.def)             Requested size: 312.9972pt x 312.9972pt.


Package caption Warning: The option `hypcap=true' will be ignored for this
(caption)                particular \caption on input line 387.
See the caption package documentation for explanation.


Underfull \hbox (badness 10000) in paragraph at lines 390--391

 []


Underfull \hbox (badness 10000) in paragraph at lines 392--396

 []

[17 <./images/huffman.png>] [18]
Underfull \hbox (badness 10000) in paragraph at lines 417--421

 []

<images/leja_sequence.png, id=360, 578.16pt x 433.62pt>
File: images/leja_sequence.png Graphic file (type png)

<use images/leja_sequence.png>
Package pdftex.def Info: images/leja_sequence.png used on input line 422.
(pdftex.def)             Requested size: 455.24165pt x 256.085pt.


Package caption Warning: The option `hypcap=true' will be ignored for this
(caption)                particular \caption on input line 423.
See the caption package documentation for explanation.

<images/preuve.png, id=362, 501.875pt x 501.875pt>
File: images/preuve.png Graphic file (type png)
 <use images/preuve.png>
Package pdftex.def Info: images/preuve.png used on input line 434.
(pdftex.def)             Requested size: 227.62596pt x 199.16888pt.

[19 <./images/leja_sequence.png>]
Underfull \hbox (badness 10000) in paragraph at lines 455--457

 []


LaTeX Warning: Command \' invalid in math mode on input line 462.


LaTeX Warning: Command \` invalid in math mode on input line 462.

Missing character: There is no  in font cmr12!
Missing character: There is no  in font cmr12!

LaTeX Warning: Command \' invalid in math mode on input line 462.


LaTeX Warning: Command \` invalid in math mode on input line 462.

Missing character: There is no  in font cmr12!
Missing character: There is no  in font cmr12!
[20 <./images/preuve.png>] [21]
<images/tucker_x1.png, id=380, 602.25pt x 602.25pt>
File: images/tucker_x1.png Graphic file (type png)
 <use images/tucker_x1.png>
Package pdftex.def Info: images/tucker_x1.png used on input line 517.
(pdftex.def)             Requested size: 204.85419pt x 142.26393pt.

<images/tucker_xd.png, id=381, 602.25pt x 602.25pt>
File: images/tucker_xd.png Graphic file (type png)
 <use images/tucker_xd.png>
Package pdftex.def Info: images/tucker_xd.png used on input line 522.
(pdftex.def)             Requested size: 204.85419pt x 142.26393pt.


Package caption Warning: The option `hypcap=true' will be ignored for this
(caption)                particular \caption on input line 526.
See the caption package documentation for explanation.

[22 <./images/tucker_x1.png> <./images/tucker_xd.png>]
<images/tuckergrid.jpg, id=396, 2055.68pt x 1180.41pt>
File: images/tuckergrid.jpg Graphic file (type jpg)

<use images/tuckergrid.jpg>
Package pdftex.def Info: images/tuckergrid.jpg used on input line 534.
(pdftex.def)             Requested size: 455.23088pt x 227.61237pt.


Package caption Warning: The option `hypcap=true' will be ignored for this
(caption)                particular \caption on input line 536.
See the caption package documentation for explanation.

[23 <./images/tuckergrid.jpg>] <images/f1_5d.png, id=406, 578.16pt x 433.62pt>
File: images/f1_5d.png Graphic file (type png)

<use images/f1_5d.png>
Package pdftex.def Info: images/f1_5d.png used on input line 582.
(pdftex.def)             Requested size: 136.57338pt x 142.26135pt.
 <images/f2_5d.png, id=407, 578.16pt x 433.62pt>
File: images/f2_5d.png Graphic file (type png)

<use images/f2_5d.png>
Package pdftex.def Info: images/f2_5d.png used on input line 583.
(pdftex.def)             Requested size: 136.57338pt x 142.26135pt.

Underfull \hbox (badness 10000) in paragraph at lines 582--584
[][]
 []

<images/f3_2d.png, id=408, 578.16pt x 433.62pt>
File: images/f3_2d.png Graphic file (type png)
 <use images/f3_2d.png>
Package pdftex.def Info: images/f3_2d.png used on input line 587.
(pdftex.def)             Requested size: 136.57338pt x 142.26135pt.

<images/f4_2d.png, id=409, 578.16pt x 433.62pt>
File: images/f4_2d.png Graphic file (type png)
 <use images/f4_2d.png>
Package pdftex.def Info: images/f4_2d.png used on input line 588.
(pdftex.def)             Requested size: 136.57338pt x 142.26135pt.

Underfull \hbox (badness 10000) in paragraph at lines 587--589
[][]
 []

<images/f2_3d.png, id=410, 578.16pt x 433.62pt>
File: images/f2_3d.png Graphic file (type png)
 <use images/f2_3d.png>
Package pdftex.def Info: images/f2_3d.png used on input line 592.
(pdftex.def)             Requested size: 136.57338pt x 142.26135pt.

<images/f4_5d.png, id=411, 578.16pt x 433.62pt>
File: images/f4_5d.png Graphic file (type png)
 <use images/f4_5d.png>
Package pdftex.def Info: images/f4_5d.png used on input line 593.
(pdftex.def)             Requested size: 136.57338pt x 142.26135pt.

Underfull \hbox (badness 10000) in paragraph at lines 592--594
[][]
 []


LaTeX Warning: `!h' float specifier changed to `!ht'.

<images/f1_5d_s.png, id=412, 578.16pt x 433.62pt>
File: images/f1_5d_s.png Graphic file (type png)
 <use images/f1_5d_s.png>
Package pdftex.def Info: images/f1_5d_s.png used on input line 602.
(pdftex.def)             Requested size: 136.57338pt x 142.26135pt.

<images/f2_5d_s.png, id=413, 578.16pt x 433.62pt>
File: images/f2_5d_s.png Graphic file (type png)
 <use images/f2_5d_s.png>
Package pdftex.def Info: images/f2_5d_s.png used on input line 603.
(pdftex.def)             Requested size: 136.57338pt x 142.26135pt.

Underfull \hbox (badness 10000) in paragraph at lines 602--604
[][]
 []

<images/f3_2d_s.png, id=414, 578.16pt x 433.62pt>
File: images/f3_2d_s.png Graphic file (type png)
 <use images/f3_2d_s.png>
Package pdftex.def Info: images/f3_2d_s.png used on input line 607.
(pdftex.def)             Requested size: 136.57338pt x 142.26135pt.

<images/f4_2d_s.png, id=415, 578.16pt x 433.62pt>
File: images/f4_2d_s.png Graphic file (type png)
 <use images/f4_2d_s.png>
Package pdftex.def Info: images/f4_2d_s.png used on input line 608.
(pdftex.def)             Requested size: 136.57338pt x 142.26135pt.

Underfull \hbox (badness 10000) in paragraph at lines 607--609
[][]
 []

<images/f2_3d_s.png, id=416, 578.16pt x 433.62pt>
File: images/f2_3d_s.png Graphic file (type png)
 <use images/f2_3d_s.png>
Package pdftex.def Info: images/f2_3d_s.png used on input line 612.
(pdftex.def)             Requested size: 136.57338pt x 142.26135pt.

<images/f4_5d_s.png, id=417, 578.16pt x 433.62pt>
File: images/f4_5d_s.png Graphic file (type png)
 <use images/f4_5d_s.png>
Package pdftex.def Info: images/f4_5d_s.png used on input line 613.
(pdftex.def)             Requested size: 136.57338pt x 142.26135pt.

Underfull \hbox (badness 10000) in paragraph at lines 612--614
[][]
 []


LaTeX Warning: `!h' float specifier changed to `!ht'.

[24]

LaTeX Warning: Text page 25 contains only floats.

[25 <./images/f1_5d.png> <./images/f2_5d.png> <./images/f3_2d.png> <./images/f4
_2d.png> <./images/f2_3d.png> <./images/f4_5d.png> <./images/f1_5d_s.png> <./im
ages/f2_5d_s.png> <./images/f3_2d_s.png> <./images/f4_2d_s.png> <./images/f2_3d
_s.png> <./images/f4_5d_s.png>]
Overfull \hbox (39.99857pt too wide) in paragraph at lines 634--657
[][] 
 []

[26] <images/0.png, id=450, 602.25pt x 501.875pt>
File: images/0.png Graphic file (type png)
 <use images/0.png>
Package pdftex.def Info: images/0.png used on input line 667.
(pdftex.def)             Requested size: 204.85419pt x 142.26239pt.

<images/2.png, id=453, 602.25pt x 501.875pt>
File: images/2.png Graphic file (type png)
 <use images/2.png>
Package pdftex.def Info: images/2.png used on input line 672.
(pdftex.def)             Requested size: 204.85419pt x 142.26239pt.

<images/mixed.png, id=456, 602.25pt x 501.875pt>
File: images/mixed.png Graphic file (type png)
 <use images/mixed.png>
Package pdftex.def Info: images/mixed.png used on input line 676.
(pdftex.def)             Requested size: 204.85419pt x 142.26239pt.

[27 <./images/0.png> <./images/2.png> <./images/mixed.png>]
Underfull \hbox (badness 10000) in paragraph at lines 701--708

 []


Package caption Warning: The option `hypcap=true' will be ignored for this
(caption)                particular \caption on input line 724.
See the caption package documentation for explanation.

[28]
Overfull \hbox (1.83319pt too wide) in paragraph at lines 728--732
\T1/cmr/m/n/12 obtenues par un code ap-pel APOLLO2 dvelopp chez EDF), les ap
-prox-i-ma-tions obtenues
 []

[29]
Overfull \hbox (5.26787pt too wide) in paragraph at lines 760--777
[][] 
 []

<images/nb_discretisation.png, id=480, 602.25pt x 401.5pt>
File: images/nb_discretisation.png Graphic file (type png)

<use images/nb_discretisation.png>
Package pdftex.def Info: images/nb_discretisation.png used on input line 784.
(pdftex.def)             Requested size: 318.67636pt x 199.17502pt.


Package caption Warning: The option `hypcap=true' will be ignored for this
(caption)                particular \caption on input line 785.
See the caption package documentation for explanation.

[30]
Underfull \hbox (badness 10000) in paragraph at lines 789--790

 []


<images/MOX/interpolation_points_0_macro_totale0.png, id=489, 578.16pt x 433.62
pt>
File: images/MOX/interpolation_points_0_macro_totale0.png Graphic file (type pn
g)
 <use images/MOX/interpolation_points_0_macro_totale0.png>
Package pdftex.def Info: images/MOX/interpolation_points_0_macro_totale0.png us
ed on input line 796.
(pdftex.def)             Requested size: 136.57338pt x 142.26135pt.

<images/MOX/interpolation_points_3_macro_totale0.png, id=490, 578.16pt x 433.62
pt>
File: images/MOX/interpolation_points_3_macro_totale0.png Graphic file (type pn
g)
 <use images/MOX/interpolation_points_3_macro_totale0.png>
Package pdftex.def Info: images/MOX/interpolation_points_3_macro_totale0.png us
ed on input line 797.
(pdftex.def)             Requested size: 136.57338pt x 142.26135pt.

Underfull \hbox (badness 10000) in paragraph at lines 796--798
[][]
 []


<images/MOX/interpolation_points_1_macro_totale0.png, id=491, 578.16pt x 433.62
pt>
File: images/MOX/interpolation_points_1_macro_totale0.png Graphic file (type pn
g)
 <use images/MOX/interpolation_points_1_macro_totale0.png>
Package pdftex.def Info: images/MOX/interpolation_points_1_macro_totale0.png us
ed on input line 801.
(pdftex.def)             Requested size: 136.57338pt x 142.26135pt.

<images/MOX/interpolation_points_2_macro_totale0.png, id=492, 578.16pt x 433.62
pt>
File: images/MOX/interpolation_points_2_macro_totale0.png Graphic file (type pn
g)
 <use images/MOX/interpolation_points_2_macro_totale0.png>
Package pdftex.def Info: images/MOX/interpolation_points_2_macro_totale0.png us
ed on input line 805.
(pdftex.def)             Requested size: 136.57338pt x 142.26135pt.

<images/MOX/interpolation_points_4_macro_totale0.png, id=493, 578.16pt x 433.62
pt>
File: images/MOX/interpolation_points_4_macro_totale0.png Graphic file (type pn
g)
 <use images/MOX/interpolation_points_4_macro_totale0.png>
Package pdftex.def Info: images/MOX/interpolation_points_4_macro_totale0.png us
ed on input line 806.
(pdftex.def)             Requested size: 136.57338pt x 142.26135pt.

Underfull \hbox (badness 10000) in paragraph at lines 805--807
[][]
 []

[31 <./images/nb_discretisation.png> <./images/MOX/interpolation_points_0_macro
_totale0.png> <./images/MOX/interpolation_points_3_macro_totale0.png> <./images
/MOX/interpolation_points_1_macro_totale0.png> <./images/MOX/interpolation_poin
ts_2_macro_totale0.png> <./images/MOX/interpolation_points_4_macro_totale0.png>
]
Underfull \hbox (badness 10000) in paragraph at lines 853--856

 []

[32]
Overfull \hbox (10.9865pt too wide) in paragraph at lines 895--896
[]\T1/cmr/m/n/12 Afin de pou-voir vi-su-aliser les r-sul-tats numriques obten
us, ces derniers ont t reprsent
 []


Underfull \hbox (badness 10000) in paragraph at lines 901--904

 []

[33]
Underfull \hbox (badness 10000) in paragraph at lines 905--906

 []


<images/MOX/MOX_macro_nu_fission1_with_cocagne.png, id=523, 722.7pt x 722.7pt>
File: images/MOX/MOX_macro_nu_fission1_with_cocagne.png Graphic file (type png)


<use images/MOX/MOX_macro_nu_fission1_with_cocagne.png>
Package pdftex.def Info: images/MOX/MOX_macro_nu_fission1_with_cocagne.png used
 on input line 911.
(pdftex.def)             Requested size: 204.85785pt x 142.26576pt.

<images/MOX/MOX_macro_nu_fission1.png, id=524, 722.7pt x 722.7pt>
File: images/MOX/MOX_macro_nu_fission1.png Graphic file (type png)

<use images/MOX/MOX_macro_nu_fission1.png>
Package pdftex.def Info: images/MOX/MOX_macro_nu_fission1.png used on input lin
e 915.
(pdftex.def)             Requested size: 204.85785pt x 142.26576pt.

<images/MOX/MOX_macro_nu_fission1_alone.png, id=525, 722.7pt x 722.7pt>
File: images/MOX/MOX_macro_nu_fission1_alone.png Graphic file (type png)

<use images/MOX/MOX_macro_nu_fission1_alone.png>
Package pdftex.def Info: images/MOX/MOX_macro_nu_fission1_alone.png used on inp
ut line 919.
(pdftex.def)             Requested size: 204.85785pt x 142.26576pt.

<images/UOX/UOX_macro_scattering010_with_cocagne.png, id=526, 722.7pt x 722.7pt
>
File: images/UOX/UOX_macro_scattering010_with_cocagne.png Graphic file (type pn
g)
 <use images/UOX/UOX_macro_scattering010_with_cocagne.png>
Package pdftex.def Info: images/UOX/UOX_macro_scattering010_with_cocagne.png us
ed on input line 926.
(pdftex.def)             Requested size: 204.85785pt x 142.26576pt.

<images/UOX/UOX_macro_scattering010.png, id=527, 722.7pt x 722.7pt>
File: images/UOX/UOX_macro_scattering010.png Graphic file (type png)

<use images/UOX/UOX_macro_scattering010.png>
Package pdftex.def Info: images/UOX/UOX_macro_scattering010.png used on input l
ine 930.
(pdftex.def)             Requested size: 204.85785pt x 142.26576pt.

<images/UOX/UOX_macro_scattering010_alone.png, id=528, 722.7pt x 722.7pt>
File: images/UOX/UOX_macro_scattering010_alone.png Graphic file (type png)

<use images/UOX/UOX_macro_scattering010_alone.png>
Package pdftex.def Info: images/UOX/UOX_macro_scattering010_alone.png used on i
nput line 933.
(pdftex.def)             Requested size: 204.85785pt x 142.26576pt.


LaTeX Warning: `!h' float specifier changed to `!ht'.

<images/MOX/ReactivityError_with_cocagne.png, id=529, 722.7pt x 722.7pt>
File: images/MOX/ReactivityError_with_cocagne.png Graphic file (type png)

<use images/MOX/ReactivityError_with_cocagne.png>
Package pdftex.def Info: images/MOX/ReactivityError_with_cocagne.png used on in
put line 943.
(pdftex.def)             Requested size: 204.85785pt x 142.26576pt.

<images/MOX/ReactivityError.png, id=530, 722.7pt x 722.7pt>
File: images/MOX/ReactivityError.png Graphic file (type png)

<use images/MOX/ReactivityError.png>
Package pdftex.def Info: images/MOX/ReactivityError.png used on input line 947.

(pdftex.def)             Requested size: 204.85785pt x 142.26576pt.

<images/MOX/ReactivityError_alone.png, id=531, 722.7pt x 722.7pt>
File: images/MOX/ReactivityError_alone.png Graphic file (type png)

<use images/MOX/ReactivityError_alone.png>
Package pdftex.def Info: images/MOX/ReactivityError_alone.png used on input lin
e 950.
(pdftex.def)             Requested size: 204.85785pt x 142.26576pt.


LaTeX Warning: `!h' float specifier changed to `!ht'.

[34 <./images/MOX/MOX_macro_nu_fission1_with_cocagne.png> <./images/MOX/MOX_mac
ro_nu_fission1.png> <./images/MOX/MOX_macro_nu_fission1_alone.png>]

LaTeX Warning: Text page 35 contains only floats.

[35 <./images/UOX/UOX_macro_scattering010_with_cocagne.png> <./images/UOX/UOX_m
acro_scattering010.png> <./images/UOX/UOX_macro_scattering010_alone.png> <./ima
ges/MOX/ReactivityError_with_cocagne.png> <./images/MOX/ReactivityError.png> <.
/images/MOX/ReactivityError_alone.png>]
<images/MOX/Convergence_speed.png, id=550, 1445.4pt x 928.6695pt>
File: images/MOX/Convergence_speed.png Graphic file (type png)

<use images/MOX/Convergence_speed.png>
Package pdftex.def Info: images/MOX/Convergence_speed.png used on input line 96
1.
(pdftex.def)             Requested size: 455.23724pt x 256.07216pt.


Package caption Warning: The option `hypcap=true' will be ignored for this
(caption)                particular \caption on input line 962.
See the caption package documentation for explanation.


<images/MOX/Convergence_speed_without_adaptivity.png, id=552, 1691.8407pt x 953
.964pt>
File: images/MOX/Convergence_speed_without_adaptivity.png Graphic file (type pn
g)
 <use images/MOX/Convergence_speed_without_adaptivity.png>
Package pdftex.def Info: images/MOX/Convergence_speed_without_adaptivity.png us
ed on input line 968.
(pdftex.def)             Requested size: 455.22836pt x 256.07442pt.


Package caption Warning: The option `hypcap=true' will be ignored for this
(caption)                particular \caption on input line 969.
See the caption package documentation for explanation.

[36 <./images/MOX/Convergence_speed.png>]
Underfull \hbox (badness 10000) in paragraph at lines 976--977

 []


LaTeX Warning: `!h' float specifier changed to `!ht'.

[37 <./images/MOX/Convergence_speed_without_adaptivity.png>]
Underfull \hbox (badness 10000) in paragraph at lines 999--1001

 []

[38]
Underfull \hbox (badness 10000) in paragraph at lines 1042--1043

 []


Underfull \hbox (badness 10000) in paragraph at lines 1044--1046

 []


Underfull \hbox (badness 10000) in paragraph at lines 1047--1049

 []

[39]
Underfull \hbox (badness 10000) in paragraph at lines 1056--1057

 []


Underfull \hbox (badness 10000) in paragraph at lines 1058--1059

 []


Underfull \hbox (badness 10000) in paragraph at lines 1063--1066

 []

[40]
Underfull \hbox (badness 10000) in paragraph at lines 1074--1075

 []


Underfull \hbox (badness 10000) in paragraph at lines 1076--1077

 []

[41]
<images/UOX/UOX_macro_nu_fission0_with_cocagne.png, id=587, 722.7pt x 722.7pt>
File: images/UOX/UOX_macro_nu_fission0_with_cocagne.png Graphic file (type png)


<use images/UOX/UOX_macro_nu_fission0_with_cocagne.png>
Package pdftex.def Info: images/UOX/UOX_macro_nu_fission0_with_cocagne.png used
 on input line 1164.
(pdftex.def)             Requested size: 204.85785pt x 142.26576pt.

<images/UOX/UOX_macro_nu_fission0.png, id=588, 722.7pt x 722.7pt>
File: images/UOX/UOX_macro_nu_fission0.png Graphic file (type png)

<use images/UOX/UOX_macro_nu_fission0.png>
Package pdftex.def Info: images/UOX/UOX_macro_nu_fission0.png used on input lin
e 1168.
(pdftex.def)             Requested size: 204.85785pt x 142.26576pt.

<images/UOX/UOX_macro_nu_fission0_alone.png, id=589, 722.7pt x 722.7pt>
File: images/UOX/UOX_macro_nu_fission0_alone.png Graphic file (type png)

<use images/UOX/UOX_macro_nu_fission0_alone.png>
Package pdftex.def Info: images/UOX/UOX_macro_nu_fission0_alone.png used on inp
ut line 1172.
(pdftex.def)             Requested size: 204.85785pt x 142.26576pt.


LaTeX Warning: `!h' float specifier changed to `!ht'.


<images/UOX-Gd/UOX-Gd_macro_fission0_with_cocagne.png, id=590, 722.7pt x 722.7p
t>
File: images/UOX-Gd/UOX-Gd_macro_fission0_with_cocagne.png Graphic file (type p
ng)
 <use images/UOX-Gd/UOX-Gd_macro_fission0_with_cocagne.png>
Package pdftex.def Info: images/UOX-Gd/UOX-Gd_macro_fission0_with_cocagne.png u
sed on input line 1179.
(pdftex.def)             Requested size: 204.85785pt x 142.26576pt.

<images/UOX-Gd/UOX-Gd_macro_fission0.png, id=591, 722.7pt x 722.7pt>
File: images/UOX-Gd/UOX-Gd_macro_fission0.png Graphic file (type png)

<use images/UOX-Gd/UOX-Gd_macro_fission0.png>
Package pdftex.def Info: images/UOX-Gd/UOX-Gd_macro_fission0.png used on input 
line 1183.
(pdftex.def)             Requested size: 204.85785pt x 142.26576pt.

<images/UOX-Gd/UOX-Gd_macro_fission0_alone.png, id=592, 722.7pt x 722.7pt>
File: images/UOX-Gd/UOX-Gd_macro_fission0_alone.png Graphic file (type png)

<use images/UOX-Gd/UOX-Gd_macro_fission0_alone.png>
Package pdftex.def Info: images/UOX-Gd/UOX-Gd_macro_fission0_alone.png used on 
input line 1186.
(pdftex.def)             Requested size: 204.85785pt x 142.26576pt.


LaTeX Warning: `!h' float specifier changed to `!ht'.


<images/MOX/MOX_macro_scattering001_with_cocagne.png, id=593, 722.7pt x 722.7pt
>
File: images/MOX/MOX_macro_scattering001_with_cocagne.png Graphic file (type pn
g)
 <use images/MOX/MOX_macro_scattering001_with_cocagne.png>
Package pdftex.def Info: images/MOX/MOX_macro_scattering001_with_cocagne.png us
ed on input line 1193.
(pdftex.def)             Requested size: 204.85785pt x 142.26576pt.

<images/MOX/MOX_macro_scattering001.png, id=594, 722.7pt x 722.7pt>
File: images/MOX/MOX_macro_scattering001.png Graphic file (type png)

<use images/MOX/MOX_macro_scattering001.png>
Package pdftex.def Info: images/MOX/MOX_macro_scattering001.png used on input l
ine 1197.
(pdftex.def)             Requested size: 204.85785pt x 142.26576pt.

<images/MOX/MOX_macro_scattering001_alone.png, id=595, 722.7pt x 722.7pt>
File: images/MOX/MOX_macro_scattering001_alone.png Graphic file (type png)

<use images/MOX/MOX_macro_scattering001_alone.png>
Package pdftex.def Info: images/MOX/MOX_macro_scattering001_alone.png used on i
nput line 1200.
(pdftex.def)             Requested size: 204.85785pt x 142.26576pt.


LaTeX Warning: `!h' float specifier changed to `!ht'.

<images/UOX/UOX_macro_totale1_with_cocagne.png, id=596, 722.7pt x 722.7pt>
File: images/UOX/UOX_macro_totale1_with_cocagne.png Graphic file (type png)

<use images/UOX/UOX_macro_totale1_with_cocagne.png>
Package pdftex.def Info: images/UOX/UOX_macro_totale1_with_cocagne.png used on 
input line 1207.
(pdftex.def)             Requested size: 204.85785pt x 142.26576pt.

<images/UOX/UOX_macro_totale1.png, id=597, 722.7pt x 722.7pt>
File: images/UOX/UOX_macro_totale1.png Graphic file (type png)

<use images/UOX/UOX_macro_totale1.png>
Package pdftex.def Info: images/UOX/UOX_macro_totale1.png used on input line 12
11.
(pdftex.def)             Requested size: 204.85785pt x 142.26576pt.

<images/UOX/UOX_macro_totale1_alone.png, id=598, 722.7pt x 722.7pt>
File: images/UOX/UOX_macro_totale1_alone.png Graphic file (type png)

<use images/UOX/UOX_macro_totale1_alone.png>
Package pdftex.def Info: images/UOX/UOX_macro_totale1_alone.png used on input l
ine 1214.
(pdftex.def)             Requested size: 204.85785pt x 142.26576pt.


LaTeX Warning: `!h' float specifier changed to `!ht'.

<images/UOX/ReactivityError_with_cocagne.png, id=599, 722.7pt x 722.7pt>
File: images/UOX/ReactivityError_with_cocagne.png Graphic file (type png)

<use images/UOX/ReactivityError_with_cocagne.png>
Package pdftex.def Info: images/UOX/ReactivityError_with_cocagne.png used on in
put line 1222.
(pdftex.def)             Requested size: 204.85785pt x 142.26576pt.

<images/UOX/ReactivityError.png, id=600, 722.7pt x 722.7pt>
File: images/UOX/ReactivityError.png Graphic file (type png)

<use images/UOX/ReactivityError.png>
Package pdftex.def Info: images/UOX/ReactivityError.png used on input line 1226
.
(pdftex.def)             Requested size: 204.85785pt x 142.26576pt.

<images/UOX/ReactivityError_alone.png, id=601, 722.7pt x 722.7pt>
File: images/UOX/ReactivityError_alone.png Graphic file (type png)

<use images/UOX/ReactivityError_alone.png>
Package pdftex.def Info: images/UOX/ReactivityError_alone.png used on input lin
e 1229.
(pdftex.def)             Requested size: 204.85785pt x 142.26576pt.


LaTeX Warning: `!h' float specifier changed to `!ht'.

<images/UOX-Gd/ReactivityError_with_cocagne.png, id=602, 722.7pt x 722.7pt>
File: images/UOX-Gd/ReactivityError_with_cocagne.png Graphic file (type png)

<use images/UOX-Gd/ReactivityError_with_cocagne.png>
Package pdftex.def Info: images/UOX-Gd/ReactivityError_with_cocagne.png used on
 input line 1237.
(pdftex.def)             Requested size: 204.85785pt x 142.26576pt.

<images/UOX-Gd/ReactivityError.png, id=603, 722.7pt x 722.7pt>
File: images/UOX-Gd/ReactivityError.png Graphic file (type png)

<use images/UOX-Gd/ReactivityError.png>
Package pdftex.def Info: images/UOX-Gd/ReactivityError.png used on input line 1
241.
(pdftex.def)             Requested size: 204.85785pt x 142.26576pt.

<images/UOX-Gd/ReactivityError_alone.png, id=604, 722.7pt x 722.7pt>
File: images/UOX-Gd/ReactivityError_alone.png Graphic file (type png)

<use images/UOX-Gd/ReactivityError_alone.png>
Package pdftex.def Info: images/UOX-Gd/ReactivityError_alone.png used on input 
line 1244.
(pdftex.def)             Requested size: 204.85785pt x 142.26576pt.


LaTeX Warning: `!h' float specifier changed to `!ht'.

<images/UOX/Convergence_speed.png, id=605, 1445.4pt x 928.6695pt>
File: images/UOX/Convergence_speed.png Graphic file (type png)

<use images/UOX/Convergence_speed.png>
Package pdftex.def Info: images/UOX/Convergence_speed.png used on input line 12
55.
(pdftex.def)             Requested size: 455.23724pt x 256.07216pt.


Package caption Warning: The option `hypcap=true' will be ignored for this
(caption)                particular \caption on input line 1256.
See the caption package documentation for explanation.

[42]

LaTeX Warning: Text page 43 contains only floats.

[43 <./images/UOX/UOX_macro_nu_fission0_with_cocagne.png> <./images/UOX/UOX_mac
ro_nu_fission0.png> <./images/UOX/UOX_macro_nu_fission0_alone.png> <./images/UO
X-Gd/UOX-Gd_macro_fission0_with_cocagne.png> <./images/UOX-Gd/UOX-Gd_macro_fiss
ion0.png> <./images/UOX-Gd/UOX-Gd_macro_fission0_alone.png>]

LaTeX Warning: Text page 44 contains only floats.

[44 <./images/MOX/MOX_macro_scattering001_with_cocagne.png> <./images/MOX/MOX_m
acro_scattering001.png> <./images/MOX/MOX_macro_scattering001_alone.png> <./ima
ges/UOX/UOX_macro_totale1_with_cocagne.png> <./images/UOX/UOX_macro_totale1.png
> <./images/UOX/UOX_macro_totale1_alone.png>]

LaTeX Warning: Text page 45 contains only floats.

[45 <./images/UOX/ReactivityError_with_cocagne.png> <./images/UOX/ReactivityErr
or.png> <./images/UOX/ReactivityError_alone.png> <./images/UOX-Gd/ReactivityErr
or_with_cocagne.png> <./images/UOX-Gd/ReactivityError.png> <./images/UOX-Gd/Rea
ctivityError_alone.png>]
<images/UOX-Gd/Convergence_speed.png, id=642, 1445.4pt x 928.6695pt>
File: images/UOX-Gd/Convergence_speed.png Graphic file (type png)

<use images/UOX-Gd/Convergence_speed.png>
Package pdftex.def Info: images/UOX-Gd/Convergence_speed.png used on input line
 1260.
(pdftex.def)             Requested size: 455.23724pt x 256.07216pt.


Package caption Warning: The option `hypcap=true' will be ignored for this
(caption)                particular \caption on input line 1261.
See the caption package documentation for explanation.

[46 <./images/UOX/Convergence_speed.png> <./images/UOX-Gd/Convergence_speed.png
>] (./main.bbl)) [47]

Package glossaries Warning: No \printglossary or \printglossaries found.
(Remove \makeglossaries if you don't want any glossaries.)
This document will not have a glossary.

Package atveryend Info: Empty hook `BeforeClearDocument' on input line 33.
Package atveryend Info: Empty hook `AfterLastShipout' on input line 33.
(./main.aux (./ressources/body.aux))
Package atveryend Info: Executing hook `AtVeryEndDocument' on input line 33.
Package atveryend Info: Executing hook `AtEndAfterFileList' on input line 33.
Package rerunfilecheck Info: File `main.out' has not changed.
(rerunfilecheck)             Checksum: A6EC6E5D79905B0A98D7A68C4A046AF9;1880.


LaTeX Warning: There were multiply-defined labels.

 ) 
Here is how much of TeX's memory you used:
 35385 strings out of 493029
 683893 string characters out of 6136234
 828553 words of memory out of 5000000
 38133 multiletter control sequences out of 15000+600000
 23318 words of font info for 58 fonts, out of 8000000 for 9000
 1141 hyphenation exceptions out of 8191
 63i,21n,101p,10484b,651s stack positions out of 5000i,500n,10000p,200000b,80000s
{/usr/share/texmf/fonts/enc/dvips/cm-super/cm-super-t1.enc}</usr/share/texliv
e/texmf-dist/fonts/type1/public/amsfonts/cm/cmbx12.pfb></usr/share/texlive/texm
f-dist/fonts/type1/public/amsfonts/cm/cmbx6.pfb></usr/share/texlive/texmf-dist/
fonts/type1/public/amsfonts/cm/cmbx8.pfb></usr/share/texlive/texmf-dist/fonts/t
ype1/public/amsfonts/cm/cmex10.pfb></usr/share/texlive/texmf-dist/fonts/type1/p
ublic/amsfonts/cm/cmmi10.pfb></usr/share/texlive/texmf-dist/fonts/type1/public/
amsfonts/cm/cmmi12.pfb></usr/share/texlive/texmf-dist/fonts/type1/public/amsfon
ts/cm/cmmi6.pfb></usr/share/texlive/texmf-dist/fonts/type1/public/amsfonts/cm/c
mmi8.pfb></usr/share/texlive/texmf-dist/fonts/type1/public/amsfonts/cm/cmr10.pf
b></usr/share/texlive/texmf-dist/fonts/type1/public/amsfonts/cm/cmr12.pfb></usr
/share/texlive/texmf-dist/fonts/type1/public/amsfonts/cm/cmr6.pfb></usr/share/t
exlive/texmf-dist/fonts/type1/public/amsfonts/cm/cmr8.pfb></usr/share/texlive/t
exmf-dist/fonts/type1/public/amsfonts/cm/cmsy10.pfb></usr/share/texlive/texmf-d
ist/fonts/type1/public/amsfonts/cm/cmsy6.pfb></usr/share/texlive/texmf-dist/fon
ts/type1/public/amsfonts/cm/cmsy8.pfb></usr/share/texlive/texmf-dist/fonts/type
1/public/amsfonts/symbols/msbm10.pfb></usr/share/texmf/fonts/type1/public/cm-su
per/sfbx0800.pfb></usr/share/texmf/fonts/type1/public/cm-super/sfbx1200.pfb></u
sr/share/texmf/fonts/type1/public/cm-super/sfbx1440.pfb></usr/share/texmf/fonts
/type1/public/cm-super/sfbx1728.pfb></usr/share/texmf/fonts/type1/public/cm-sup
er/sfbx2488.pfb></usr/share/texmf/fonts/type1/public/cm-super/sfrm1000.pfb></us
r/share/texmf/fonts/type1/public/cm-super/sfrm1095.pfb></usr/share/texmf/fonts/
type1/public/cm-super/sfrm1200.pfb></usr/share/texmf/fonts/type1/public/cm-supe
r/sfrm1440.pfb></usr/share/texmf/fonts/type1/public/cm-super/sfrm2074.pfb></usr
/share/texmf/fonts/type1/public/cm-super/sfti1200.pfb>
Output written on main.pdf (48 pages, 9369219 bytes).
PDF statistics:
 773 PDF objects out of 1000 (max. 8388607)
 556 compressed objects within 6 object streams
 139 named destinations out of 1000 (max. 500000)
 524 words of extra memory for PDF output out of 10000 (max. 10000000)

